#
# There is insufficient memory for the Java Runtime Environment to continue.
# Native memory allocation (mmap) failed to map 236978176 bytes for G1 virtual space
# Possible reasons:
#   The system is out of physical RAM or swap space
#   The process is running with CompressedOops enabled, and the Java Heap may be blocking the growth of the native heap
# Possible solutions:
#   Reduce memory load on the system
#   Increase physical memory or swap space
#   Check if swap backing store is full
#   Decrease Java heap size (-Xmx/-Xms)
#   Decrease number of Java threads
#   Decrease Java thread stack sizes (-Xss)
#   Set larger code cache with -XX:ReservedCodeCacheSize=
#   JVM is running with Unscaled Compressed Oops mode in which the Java heap is
#     placed in the first 4GB address space. The Java Heap base address is the
#     maximum limit for the native heap growth. Please use -XX:HeapBaseMinAddress
#     to set the Java Heap base and to place the Java Heap above 4GB virtual address.
# This output file may be truncated or incomplete.
#
#  Out of Memory Error (os_windows.cpp:3469), pid=30100, tid=32308
#
# JRE version: Java(TM) SE Runtime Environment (17.0+35) (build 17+35-LTS-2724)
# Java VM: Java HotSpot(TM) 64-Bit Server VM (17+35-LTS-2724, mixed mode, sharing, tiered, compressed oops, compressed class ptrs, g1 gc, windows-amd64)
# No core dump will be written. Minidumps are not enabled by default on client versions of Windows
#

---------------  S U M M A R Y ------------

Command Line: -XX:MaxMetaspaceSize=512m --add-opens=java.base/java.util=ALL-UNNAMED --add-opens=java.base/java.lang=ALL-UNNAMED --add-opens=java.base/java.lang.invoke=ALL-UNNAMED --add-opens=java.prefs/java.util.prefs=ALL-UNNAMED --add-opens=java.base/java.nio.charset=ALL-UNNAMED --add-opens=java.base/java.net=ALL-UNNAMED --add-opens=java.base/java.util.concurrent.atomic=ALL-UNNAMED -Xmx2048m -Dfile.encoding=windows-1252 -Duser.country=IN -Duser.language=en -Duser.variant -javaagent:C:\Users\Abhishek Kumar\.gradle\wrapper\dists\gradle-8.6-all\3mbtmo166bl6vumsh5k2lkq5h\gradle-8.6\lib\agents\gradle-instrumentation-agent-8.6.jar org.gradle.launcher.daemon.bootstrap.GradleDaemon 8.6

Host: Intel(R) Core(TM) i5-10210U CPU @ 1.60GHz, 8 cores, 7G,  Windows 10 , 64 bit Build 22621 (10.0.22621.3672)
Time: Tue Aug 13 12:53:58 2024 India Standard Time elapsed time: 29.883341 seconds (0d 0h 0m 29s)

---------------  T H R E A D  ---------------

Current thread (0x000001f9bae20420):  VMThread "VM Thread" [stack: 0x000000e3cd900000,0x000000e3cda00000] [id=32308]

Stack: [0x000000e3cd900000,0x000000e3cda00000]
Native frames: (J=compiled Java code, j=interpreted, Vv=VM code, C=native code)
V  [jvm.dll+0x66f8ea]
V  [jvm.dll+0x7ce224]
V  [jvm.dll+0x7cf9ce]
V  [jvm.dll+0x7d0033]
V  [jvm.dll+0x242bb5]
V  [jvm.dll+0x66c909]
V  [jvm.dll+0x6613d2]
V  [jvm.dll+0x30082b]
V  [jvm.dll+0x307db6]
V  [jvm.dll+0x357a0e]
V  [jvm.dll+0x357c3f]
V  [jvm.dll+0x2d7ae8]
V  [jvm.dll+0x2d5db4]
V  [jvm.dll+0x2d53bc]
V  [jvm.dll+0x318d1b]
V  [jvm.dll+0x7d44cb]
V  [jvm.dll+0x7d5204]
V  [jvm.dll+0x7d571c]
V  [jvm.dll+0x7d5af4]
V  [jvm.dll+0x7d5bc0]
V  [jvm.dll+0x77e7ea]
V  [jvm.dll+0x66e715]
C  [ucrtbase.dll+0x29333]
C  [KERNEL32.DLL+0x1257d]
C  [ntdll.dll+0x5af28]

VM_Operation (0x000000e3cf0f2470): G1CollectForAllocation, mode: safepoint, requested by thread 0x000001f9bd2985c0


---------------  P R O C E S S  ---------------

Threads class SMR info:
_java_thread_list=0x000001f9c040ca00, length=97, elements={
0x000001f99ccde500, 0x000001f9bae23f30, 0x000001f9bae24cb0, 0x000001f9bae3a400,
0x000001f9bae3acc0, 0x000001f9bae3b580, 0x000001f9bae3be40, 0x000001f9bae40f10,
0x000001f9bae4cdd0, 0x000001f9bae4f6e0, 0x000001f9bb88bbc0, 0x000001f9bb97f490,
0x000001f9bd1df5d0, 0x000001f9bd176e50, 0x000001f9bd387440, 0x000001f9bd3d0080,
0x000001f9bd16a020, 0x000001f9bd2a1970, 0x000001f9bd2985c0, 0x000001f9bd298a90,
0x000001f9bd299dd0, 0x000001f9bd29a770, 0x000001f9bd29a2a0, 0x000001f9bd298f60,
0x000001f9bd29b110, 0x000001f9bd299430, 0x000001f9bd299900, 0x000001f9bd29b5e0,
0x000001f9bd297c20, 0x000001f9bd2980f0, 0x000001f9bf908bd0, 0x000001f9bf90f0e0,
0x000001f9bf908700, 0x000001f9bf90b250, 0x000001f9bf909f10, 0x000001f9bf90ad80,
0x000001f9bf90a3e0, 0x000001f9bf90fa80, 0x000001f9bf90e740, 0x000001f9bf90bbf0,
0x000001f9bf90a8b0, 0x000001f9bf90c0c0, 0x000001f9bf90ca60, 0x000001f9bf90ec10,
0x000001f9bb821910, 0x000001f9bb820100, 0x000001f9bdc293d0, 0x000001f9bc7fcb20,
0x000001f9bc7fd4c0, 0x000001f9bc7fd990, 0x000001f9bc7fcff0, 0x000001f9bc7fc650,
0x000001f9c004b0a0, 0x000001f9c004b570, 0x000001f9c095af10, 0x000001f9c16cf510,
0x000001f9bd9f79b0, 0x000001f9bdc267c0, 0x000001f9bb820f70, 0x000001f9bfcfd3c0,
0x000001f9bfcfd890, 0x000001f9bf90cf30, 0x000001f9bf90dda0, 0x000001f9c004c3e0,
0x000001f9c0f5b5a0, 0x000001f9bfcfe230, 0x000001f9c0f5ba70, 0x000001f9bdc27b00,
0x000001f9bdc27160, 0x000001f9bdc26c90, 0x000001f9bdc27630, 0x000001f9bdc262f0,
0x000001f9c15c8470, 0x000001f9c15ca620, 0x000001f9c16cfeb0, 0x000001f9c16cf9e0,
0x000001f9c16d0380, 0x000001f9c16d0850, 0x000001f9c34f8a30, 0x000001f9c0f59d90,
0x000001f9c0f58a50, 0x000001f9c34f8090, 0x000001f9c34fba50, 0x000001f9c34f8560,
0x000001f9c004abd0, 0x000001f9c004ba40, 0x000001f9c004bf10, 0x000001f9c0048a20,
0x000001f9c34fa240, 0x000001f9c34fb580, 0x000001f9bf90d400, 0x000001f9bf90e270,
0x000001f9bff49060, 0x000001f9bff4a870, 0x000001f9c0e3df10, 0x000001f9c0e41400,
0x000001f9c34f8f00
}

Java Threads: ( => current thread )
  0x000001f99ccde500 JavaThread "main" [_thread_blocked, id=33400, stack(0x000000e3cd300000,0x000000e3cd400000)]
  0x000001f9bae23f30 JavaThread "Reference Handler" daemon [_thread_blocked, id=31696, stack(0x000000e3cda00000,0x000000e3cdb00000)]
  0x000001f9bae24cb0 JavaThread "Finalizer" daemon [_thread_blocked, id=23736, stack(0x000000e3cdb00000,0x000000e3cdc00000)]
  0x000001f9bae3a400 JavaThread "Signal Dispatcher" daemon [_thread_blocked, id=26468, stack(0x000000e3cdc00000,0x000000e3cdd00000)]
  0x000001f9bae3acc0 JavaThread "Attach Listener" daemon [_thread_blocked, id=32756, stack(0x000000e3cdd00000,0x000000e3cde00000)]
  0x000001f9bae3b580 JavaThread "Service Thread" daemon [_thread_blocked, id=9792, stack(0x000000e3cde00000,0x000000e3cdf00000)]
  0x000001f9bae3be40 JavaThread "Monitor Deflation Thread" daemon [_thread_blocked, id=28948, stack(0x000000e3cdf00000,0x000000e3ce000000)]
  0x000001f9bae40f10 JavaThread "C2 CompilerThread0" daemon [_thread_in_native, id=1828, stack(0x000000e3ce000000,0x000000e3ce100000)]
  0x000001f9bae4cdd0 JavaThread "C1 CompilerThread0" daemon [_thread_blocked, id=30964, stack(0x000000e3ce100000,0x000000e3ce200000)]
  0x000001f9bae4f6e0 JavaThread "Sweeper thread" daemon [_thread_blocked, id=29800, stack(0x000000e3ce200000,0x000000e3ce300000)]
  0x000001f9bb88bbc0 JavaThread "Common-Cleaner" daemon [_thread_blocked, id=1316, stack(0x000000e3ce300000,0x000000e3ce400000)]
  0x000001f9bb97f490 JavaThread "Notification Thread" daemon [_thread_blocked, id=19668, stack(0x000000e3ce400000,0x000000e3ce500000)]
  0x000001f9bd1df5d0 JavaThread "Daemon health stats" [_thread_blocked, id=31876, stack(0x000000e3cea00000,0x000000e3ceb00000)]
  0x000001f9bd176e50 JavaThread "Incoming local TCP Connector on port 54456" [_thread_in_native, id=13624, stack(0x000000e3ceb00000,0x000000e3cec00000)]
  0x000001f9bd387440 JavaThread "Daemon periodic checks" [_thread_blocked, id=27268, stack(0x000000e3cec00000,0x000000e3ced00000)]
  0x000001f9bd3d0080 JavaThread "Daemon" [_thread_blocked, id=33476, stack(0x000000e3ced00000,0x000000e3cee00000)]
  0x000001f9bd16a020 JavaThread "Handler for socket connection from /127.0.0.1:54456 to /127.0.0.1:54457" [_thread_in_native, id=20736, stack(0x000000e3cee00000,0x000000e3cef00000)]
  0x000001f9bd2a1970 JavaThread "Cancel handler" [_thread_blocked, id=22820, stack(0x000000e3cef00000,0x000000e3cf000000)]
  0x000001f9bd2985c0 JavaThread "Daemon worker" [_thread_blocked, id=33684, stack(0x000000e3cf000000,0x000000e3cf100000)]
  0x000001f9bd298a90 JavaThread "Asynchronous log dispatcher for DefaultDaemonConnection: socket connection from /127.0.0.1:54456 to /127.0.0.1:54457" [_thread_blocked, id=33464, stack(0x000000e3cf100000,0x000000e3cf200000)]
  0x000001f9bd299dd0 JavaThread "Stdin handler" [_thread_blocked, id=6660, stack(0x000000e3cf200000,0x000000e3cf300000)]
  0x000001f9bd29a770 JavaThread "Daemon client event forwarder" [_thread_blocked, id=31112, stack(0x000000e3cf300000,0x000000e3cf400000)]
  0x000001f9bd29a2a0 JavaThread "Cache worker for journal cache (C:\Users\Abhishek Kumar\.gradle\caches\journal-1)" [_thread_blocked, id=33692, stack(0x000000e3cf700000,0x000000e3cf800000)]
  0x000001f9bd298f60 JavaThread "File lock request listener" [_thread_in_native, id=28392, stack(0x000000e3cf800000,0x000000e3cf900000)]
  0x000001f9bd29b110 JavaThread "Cache worker for file hash cache (C:\Users\Abhishek Kumar\.gradle\caches\8.6\fileHashes)" [_thread_blocked, id=21416, stack(0x000000e3cf900000,0x000000e3cfa00000)]
  0x000001f9bd299430 JavaThread "File lock release action executor" [_thread_blocked, id=24892, stack(0x000000e3cfa00000,0x000000e3cfb00000)]
  0x000001f9bd299900 JavaThread "File watcher server" daemon [_thread_blocked, id=9400, stack(0x000000e3cfc00000,0x000000e3cfd00000)]
  0x000001f9bd29b5e0 JavaThread "File watcher consumer" daemon [_thread_blocked, id=22116, stack(0x000000e3cfd00000,0x000000e3cfe00000)]
  0x000001f9bd297c20 JavaThread "Cache worker for checksums cache (C:\Users\Abhishek Kumar\App Development\ChatApp\android\.gradle\8.6\checksums)" [_thread_blocked, id=30784, stack(0x000000e3cfe00000,0x000000e3cff00000)]
  0x000001f9bd2980f0 JavaThread "Cache worker for file hash cache (C:\Users\Abhishek Kumar\App Development\ChatApp\android\.gradle\8.6\fileHashes)" [_thread_blocked, id=5628, stack(0x000000e3d0000000,0x000000e3d0100000)]
  0x000001f9bf908bd0 JavaThread "Cache worker for cache directory md-supplier (C:\Users\Abhishek Kumar\.gradle\caches\8.6\md-supplier)" [_thread_blocked, id=29016, stack(0x000000e3d0100000,0x000000e3d0200000)]
  0x000001f9bf90f0e0 JavaThread "Cache worker for cache directory md-rule (C:\Users\Abhishek Kumar\.gradle\caches\8.6\md-rule)" [_thread_blocked, id=32836, stack(0x000000e3d0200000,0x000000e3d0300000)]
  0x000001f9bf908700 JavaThread "Cache worker for file content cache (C:\Users\Abhishek Kumar\.gradle\caches\8.6\fileContent)" [_thread_blocked, id=11296, stack(0x000000e3d0300000,0x000000e3d0400000)]
  0x000001f9bf90b250 JavaThread "jar transforms" [_thread_blocked, id=23080, stack(0x000000e3cfb00000,0x000000e3cfc00000)]
  0x000001f9bf909f10 JavaThread "jar transforms Thread 2" [_thread_blocked, id=21012, stack(0x000000e3d0400000,0x000000e3d0500000)]
  0x000001f9bf90ad80 JavaThread "jar transforms Thread 3" [_thread_blocked, id=26892, stack(0x000000e3d0500000,0x000000e3d0600000)]
  0x000001f9bf90a3e0 JavaThread "jar transforms Thread 4" [_thread_blocked, id=27704, stack(0x000000e3d0600000,0x000000e3d0700000)]
  0x000001f9bf90fa80 JavaThread "Exec process" [_thread_blocked, id=6476, stack(0x000000e3d0700000,0x000000e3d0800000)]
  0x000001f9bf90e740 JavaThread "Exec process Thread 2" [_thread_blocked, id=9320, stack(0x000000e3d0800000,0x000000e3d0900000)]
  0x000001f9bf90bbf0 JavaThread "Exec process Thread 3" [_thread_blocked, id=6124, stack(0x000000e3d0900000,0x000000e3d0a00000)]
  0x000001f9bf90a8b0 JavaThread "jar transforms Thread 5" [_thread_blocked, id=17440, stack(0x000000e3d0a00000,0x000000e3d0b00000)]
  0x000001f9bf90c0c0 JavaThread "jar transforms Thread 6" [_thread_blocked, id=16852, stack(0x000000e3d0b00000,0x000000e3d0c00000)]
  0x000001f9bf90ca60 JavaThread "Unconstrained build operations" [_thread_blocked, id=7364, stack(0x000000e3d0c00000,0x000000e3d0d00000)]
  0x000001f9bf90ec10 JavaThread "Unconstrained build operations Thread 2" [_thread_blocked, id=16468, stack(0x000000e3d0d00000,0x000000e3d0e00000)]
  0x000001f9bb821910 JavaThread "jar transforms Thread 7" [_thread_blocked, id=12724, stack(0x000000e3d0e00000,0x000000e3d0f00000)]
  0x000001f9bb820100 JavaThread "jar transforms Thread 8" [_thread_blocked, id=24596, stack(0x000000e3d0f00000,0x000000e3d1000000)]
  0x000001f9bdc293d0 JavaThread "Cache worker for Build Output Cleanup Cache (C:\Users\Abhishek Kumar\App Development\ChatApp\node_modules\@react-native\gradle-plugin\.gradle\buildOutputCleanup)" [_thread_blocked, id=9816, stack(0x000000e3d1100000,0x000000e3d1200000)]
  0x000001f9bc7fcb20 JavaThread "Unconstrained build operations Thread 3" [_thread_blocked, id=31832, stack(0x000000e3d1200000,0x000000e3d1300000)]
  0x000001f9bc7fd4c0 JavaThread "Unconstrained build operations Thread 4" [_thread_blocked, id=18164, stack(0x000000e3d1300000,0x000000e3d1400000)]
  0x000001f9bc7fd990 JavaThread "Unconstrained build operations Thread 5" [_thread_blocked, id=29832, stack(0x000000e3d1400000,0x000000e3d1500000)]
  0x000001f9bc7fcff0 JavaThread "Unconstrained build operations Thread 6" [_thread_blocked, id=24072, stack(0x000000e3d1500000,0x000000e3d1600000)]
  0x000001f9bc7fc650 JavaThread "Unconstrained build operations Thread 7" [_thread_blocked, id=1120, stack(0x000000e3d1600000,0x000000e3d1700000)]
  0x000001f9c004b0a0 JavaThread "Unconstrained build operations Thread 8" [_thread_blocked, id=33036, stack(0x000000e3d1700000,0x000000e3d1800000)]
  0x000001f9c004b570 JavaThread "Unconstrained build operations Thread 9" [_thread_blocked, id=31080, stack(0x000000e3d1800000,0x000000e3d1900000)]
  0x000001f9c095af10 JavaThread "Memory manager" [_thread_blocked, id=6232, stack(0x000000e3d1900000,0x000000e3d1a00000)]
  0x000001f9c16cf510 JavaThread "build event listener" [_thread_blocked, id=21288, stack(0x000000e3d1a00000,0x000000e3d1b00000)]
  0x000001f9bd9f79b0 JavaThread "C2 CompilerThread1" daemon [_thread_blocked, id=6720, stack(0x000000e3d1000000,0x000000e3d1100000)]
  0x000001f9bdc267c0 JavaThread "Cache worker for Build Output Cleanup Cache (C:\Users\Abhishek Kumar\App Development\ChatApp\android\.gradle\buildOutputCleanup)" [_thread_blocked, id=33444, stack(0x000000e3d1b00000,0x000000e3d1c00000)]
  0x000001f9bb820f70 JavaThread "ForkJoinPool.commonPool-worker-1" daemon [_thread_blocked, id=32752, stack(0x000000e3d1c00000,0x000000e3d1d00000)]
  0x000001f9bfcfd3c0 JavaThread "ForkJoinPool.commonPool-worker-2" daemon [_thread_blocked, id=14508, stack(0x000000e3d1d00000,0x000000e3d1e00000)]
  0x000001f9bfcfd890 JavaThread "ForkJoinPool.commonPool-worker-3" daemon [_thread_blocked, id=5328, stack(0x000000e3d1e00000,0x000000e3d1f00000)]
  0x000001f9bf90cf30 JavaThread "ForkJoinPool.commonPool-worker-4" daemon [_thread_blocked, id=9752, stack(0x000000e3d1f00000,0x000000e3d2000000)]
  0x000001f9bf90dda0 JavaThread "ForkJoinPool.commonPool-worker-5" daemon [_thread_blocked, id=11352, stack(0x000000e3d2000000,0x000000e3d2100000)]
  0x000001f9c004c3e0 JavaThread "ForkJoinPool.commonPool-worker-6" daemon [_thread_blocked, id=20992, stack(0x000000e3d2100000,0x000000e3d2200000)]
  0x000001f9c0f5b5a0 JavaThread "ForkJoinPool.commonPool-worker-7" daemon [_thread_blocked, id=22396, stack(0x000000e3d2200000,0x000000e3d2300000)]
  0x000001f9bfcfe230 JavaThread "included builds" [_thread_blocked, id=32068, stack(0x000000e3d2300000,0x000000e3d2400000)]
  0x000001f9c0f5ba70 JavaThread "Execution worker" [_thread_blocked, id=31472, stack(0x000000e3d2400000,0x000000e3d2500000)]
  0x000001f9bdc27b00 JavaThread "Execution worker Thread 2" [_thread_blocked, id=2932, stack(0x000000e3d2500000,0x000000e3d2600000)]
  0x000001f9bdc27160 JavaThread "Execution worker Thread 3" [_thread_blocked, id=33544, stack(0x000000e3d2600000,0x000000e3d2700000)]
  0x000001f9bdc26c90 JavaThread "Execution worker Thread 4" [_thread_blocked, id=32260, stack(0x000000e3d2700000,0x000000e3d2800000)]
  0x000001f9bdc27630 JavaThread "Execution worker Thread 5" [_thread_blocked, id=7272, stack(0x000000e3d2800000,0x000000e3d2900000)]
  0x000001f9bdc262f0 JavaThread "Execution worker Thread 6" [_thread_blocked, id=21108, stack(0x000000e3d2900000,0x000000e3d2a00000)]
  0x000001f9c15c8470 JavaThread "Execution worker Thread 7" [_thread_blocked, id=21144, stack(0x000000e3d2a00000,0x000000e3d2b00000)]
  0x000001f9c15ca620 JavaThread "Cache worker for execution history cache (C:\Users\Abhishek Kumar\App Development\ChatApp\node_modules\@react-native\gradle-plugin\.gradle\8.6\executionHistory)" [_thread_blocked, id=21904, stack(0x000000e3d2b00000,0x000000e3d2c00000)]
  0x000001f9c16cfeb0 JavaThread "Unconstrained build operations Thread 10" [_thread_blocked, id=12248, stack(0x000000e3d2c00000,0x000000e3d2d00000)]
  0x000001f9c16cf9e0 JavaThread "Unconstrained build operations Thread 11" [_thread_blocked, id=29904, stack(0x000000e3d2d00000,0x000000e3d2e00000)]
  0x000001f9c16d0380 JavaThread "Unconstrained build operations Thread 12" [_thread_blocked, id=15972, stack(0x000000e3d2e00000,0x000000e3d2f00000)]
  0x000001f9c16d0850 JavaThread "Unconstrained build operations Thread 13" [_thread_blocked, id=20276, stack(0x000000e3d2f00000,0x000000e3d3000000)]
  0x000001f9c34f8a30 JavaThread "Unconstrained build operations Thread 14" [_thread_blocked, id=28432, stack(0x000000e3d3000000,0x000000e3d3100000)]
  0x000001f9c0f59d90 JavaThread "Unconstrained build operations Thread 15" [_thread_blocked, id=22372, stack(0x000000e3d3100000,0x000000e3d3200000)]
  0x000001f9c0f58a50 JavaThread "Unconstrained build operations Thread 16" [_thread_blocked, id=28196, stack(0x000000e3d3200000,0x000000e3d3300000)]
  0x000001f9c34f8090 JavaThread "Unconstrained build operations Thread 17" [_thread_blocked, id=27728, stack(0x000000e3d3300000,0x000000e3d3400000)]
  0x000001f9c34fba50 JavaThread "Unconstrained build operations Thread 18" [_thread_blocked, id=29120, stack(0x000000e3d3400000,0x000000e3d3500000)]
  0x000001f9c34f8560 JavaThread "Unconstrained build operations Thread 19" [_thread_blocked, id=31752, stack(0x000000e3d3500000,0x000000e3d3600000)]
  0x000001f9c004abd0 JavaThread "Unconstrained build operations Thread 20" [_thread_blocked, id=15392, stack(0x000000e3d3600000,0x000000e3d3700000)]
  0x000001f9c004ba40 JavaThread "Unconstrained build operations Thread 21" [_thread_blocked, id=32324, stack(0x000000e3d3700000,0x000000e3d3800000)]
  0x000001f9c004bf10 JavaThread "Unconstrained build operations Thread 22" [_thread_blocked, id=31892, stack(0x000000e3d3800000,0x000000e3d3900000)]
  0x000001f9c0048a20 JavaThread "Unconstrained build operations Thread 23" [_thread_blocked, id=32484, stack(0x000000e3d3900000,0x000000e3d3a00000)]
  0x000001f9c34fa240 JavaThread "Unconstrained build operations Thread 24" [_thread_blocked, id=15144, stack(0x000000e3d3a00000,0x000000e3d3b00000)]
  0x000001f9c34fb580 JavaThread "Unconstrained build operations Thread 25" [_thread_blocked, id=27312, stack(0x000000e3d3b00000,0x000000e3d3c00000)]
  0x000001f9bf90d400 JavaThread "Unconstrained build operations Thread 26" [_thread_blocked, id=14084, stack(0x000000e3d3c00000,0x000000e3d3d00000)]
  0x000001f9bf90e270 JavaThread "Unconstrained build operations Thread 27" [_thread_blocked, id=31056, stack(0x000000e3d3d00000,0x000000e3d3e00000)]
  0x000001f9bff49060 JavaThread "Unconstrained build operations Thread 28" [_thread_blocked, id=26724, stack(0x000000e3d3e00000,0x000000e3d3f00000)]
  0x000001f9bff4a870 JavaThread "Unconstrained build operations Thread 29" [_thread_blocked, id=33696, stack(0x000000e3d3f00000,0x000000e3d4000000)]
  0x000001f9c0e3df10 JavaThread "Unconstrained build operations Thread 30" [_thread_blocked, id=22824, stack(0x000000e3d4000000,0x000000e3d4100000)]
  0x000001f9c0e41400 JavaThread "Unconstrained build operations Thread 31" [_thread_blocked, id=32200, stack(0x000000e3d4100000,0x000000e3d4200000)]
  0x000001f9c34f8f00 JavaThread "Unconstrained build operations Thread 32" [_thread_blocked, id=22968, stack(0x000000e3d4200000,0x000000e3d4300000)]

Other Threads:
=>0x000001f9bae20420 VMThread "VM Thread" [stack: 0x000000e3cd900000,0x000000e3cda00000] [id=32308]
  0x000001f99ccdf280 WatcherThread [stack: 0x000000e3ce500000,0x000000e3ce600000] [id=24000]
  0x000001f99cd1c8e0 GCTaskThread "GC Thread#0" [stack: 0x000000e3cd400000,0x000000e3cd500000] [id=16060]
  0x000001f9bbce1ef0 GCTaskThread "GC Thread#1" [stack: 0x000000e3ce600000,0x000000e3ce700000] [id=30200]
  0x000001f9bbce21a0 GCTaskThread "GC Thread#2" [stack: 0x000000e3ce700000,0x000000e3ce800000] [id=22800]
  0x000001f9bc268b00 GCTaskThread "GC Thread#3" [stack: 0x000000e3ce800000,0x000000e3ce900000] [id=2872]
  0x000001f9bc20acb0 GCTaskThread "GC Thread#4" [stack: 0x000000e3ce900000,0x000000e3cea00000] [id=15216]
  0x000001f9bd725e80 GCTaskThread "GC Thread#5" [stack: 0x000000e3cf400000,0x000000e3cf500000] [id=26992]
  0x000001f9bd5bc3b0 GCTaskThread "GC Thread#6" [stack: 0x000000e3cf500000,0x000000e3cf600000] [id=15868]
  0x000001f9bd5bc660 GCTaskThread "GC Thread#7" [stack: 0x000000e3cf600000,0x000000e3cf700000] [id=19896]
  0x000001f99cd2d730 ConcurrentGCThread "G1 Main Marker" [stack: 0x000000e3cd500000,0x000000e3cd600000] [id=10672]
  0x000001f99cd2e7f0 ConcurrentGCThread "G1 Conc#0" [stack: 0x000000e3cd600000,0x000000e3cd700000] [id=33584]
  0x000001f9bf9cef40 ConcurrentGCThread "G1 Conc#1" [stack: 0x000000e3cff00000,0x000000e3d0000000] [id=10540]
  0x000001f99cd9dde0 ConcurrentGCThread "G1 Refine#0" [stack: 0x000000e3cd700000,0x000000e3cd800000] [id=19352]
  0x000001f99cd9e710 ConcurrentGCThread "G1 Service" [stack: 0x000000e3cd800000,0x000000e3cd900000] [id=22976]

Threads with active compile tasks:
C2 CompilerThread0    29946 9859       4       org.gradle.internal.instantiation.generator.AbstractClassGenerator::inspectType (560 bytes)
C2 CompilerThread1    29947 10068   !   4       sun.net.www.ParseUtil::decode (317 bytes)

VM state: at safepoint (normal execution)

VM Mutex/Monitor currently owned by a thread:  ([mutex/lock_event])
[0x000001f99ccd8940] Threads_lock - owner thread: 0x000001f9bae20420
[0x000001f99ccd76b0] Heap_lock - owner thread: 0x000001f9bd2985c0

Heap address: 0x0000000080000000, size: 2048 MB, Compressed Oops mode: 32-bit

CDS archive(s) mapped at: [0x0000000800000000-0x0000000800bc0000-0x0000000800bc0000), size 12320768, SharedBaseAddress: 0x0000000800000000, ArchiveRelocationMode: 0.
Compressed class space mapped at: 0x0000000800c00000-0x000000081a800000, reserved size: 432013312
Narrow klass base: 0x0000000800000000, Narrow klass shift: 0, Narrow klass range: 0x100000000

GC Precious Log:
 CPUs: 8 total, 8 available
 Memory: 7975M
 Large Page Support: Disabled
 NUMA Support: Disabled
 Compressed Oops: Enabled (32-bit)
 Heap Region Size: 1M
 Heap Min Capacity: 8M
 Heap Initial Capacity: 126M
 Heap Max Capacity: 2G
 Pre-touch: Disabled
 Parallel Workers: 8
 Concurrent Workers: 2
 Concurrent Refinement Workers: 8
 Periodic GC: Disabled

Heap:
 garbage-first heap   total 160768K, used 93700K [0x0000000080000000, 0x0000000100000000)
  region size 1024K, 2 young (2048K), 2 survivors (2048K)
 Metaspace       used 77939K, committed 78720K, reserved 495616K
  class space    used 10893K, committed 11264K, reserved 421888K

Heap Regions: E=young(eden), S=young(survivor), O=old, HS=humongous(starts), HC=humongous(continues), CS=collection set, F=free, OA=open archive, CA=closed archive, TAMS=top-at-mark-start (previous, next)
|   0|0x0000000080000000, 0x0000000080100000, 0x0000000080100000|100%|HS|  |TAMS 0x0000000080100000, 0x0000000080000000| Complete 
|   1|0x0000000080100000, 0x0000000080200000, 0x0000000080200000|100%|HC|  |TAMS 0x0000000080200000, 0x0000000080100000| Complete 
|   2|0x0000000080200000, 0x0000000080300000, 0x0000000080300000|100%|HC|  |TAMS 0x0000000080300000, 0x0000000080200000| Complete 
|   3|0x0000000080300000, 0x0000000080400000, 0x0000000080400000|100%|HC|  |TAMS 0x0000000080400000, 0x0000000080300000| Complete 
|   4|0x0000000080400000, 0x0000000080500000, 0x0000000080500000|100%| O|  |TAMS 0x0000000080500000, 0x0000000080400000| Untracked 
|   5|0x0000000080500000, 0x0000000080600000, 0x0000000080600000|100%| O|  |TAMS 0x0000000080600000, 0x0000000080500000| Untracked 
|   6|0x0000000080600000, 0x0000000080700000, 0x0000000080700000|100%| O|  |TAMS 0x0000000080700000, 0x0000000080600000| Untracked 
|   7|0x0000000080700000, 0x0000000080800000, 0x0000000080800000|100%| O|  |TAMS 0x0000000080800000, 0x0000000080700000| Untracked 
|   8|0x0000000080800000, 0x0000000080900000, 0x0000000080900000|100%| O|  |TAMS 0x0000000080900000, 0x0000000080800000| Untracked 
|   9|0x0000000080900000, 0x0000000080a00000, 0x0000000080a00000|100%| O|  |TAMS 0x0000000080a00000, 0x0000000080900000| Untracked 
|  10|0x0000000080a00000, 0x0000000080b00000, 0x0000000080b00000|100%| O|  |TAMS 0x0000000080b00000, 0x0000000080a00000| Untracked 
|  11|0x0000000080b00000, 0x0000000080c00000, 0x0000000080c00000|100%| O|  |TAMS 0x0000000080c00000, 0x0000000080b00000| Untracked 
|  12|0x0000000080c00000, 0x0000000080d00000, 0x0000000080d00000|100%| O|  |TAMS 0x0000000080d00000, 0x0000000080c00000| Untracked 
|  13|0x0000000080d00000, 0x0000000080e00000, 0x0000000080e00000|100%| O|  |TAMS 0x0000000080e00000, 0x0000000080d00000| Untracked 
|  14|0x0000000080e00000, 0x0000000080f00000, 0x0000000080f00000|100%| O|  |TAMS 0x0000000080f00000, 0x0000000080e00000| Untracked 
|  15|0x0000000080f00000, 0x0000000081000000, 0x0000000081000000|100%| O|  |TAMS 0x0000000081000000, 0x0000000080f00000| Untracked 
|  16|0x0000000081000000, 0x0000000081100000, 0x0000000081100000|100%| O|  |TAMS 0x0000000081100000, 0x0000000081000000| Untracked 
|  17|0x0000000081100000, 0x0000000081200000, 0x0000000081200000|100%| O|  |TAMS 0x0000000081200000, 0x0000000081100000| Untracked 
|  18|0x0000000081200000, 0x0000000081200000, 0x0000000081300000|  0%| F|  |TAMS 0x0000000081200000, 0x0000000081200000| Untracked 
|  19|0x0000000081300000, 0x0000000081400000, 0x0000000081400000|100%| O|  |TAMS 0x0000000081400000, 0x0000000081300000| Untracked 
|  20|0x0000000081400000, 0x0000000081500000, 0x0000000081500000|100%| O|  |TAMS 0x0000000081500000, 0x0000000081400000| Untracked 
|  21|0x0000000081500000, 0x0000000081600000, 0x0000000081600000|100%| O|  |TAMS 0x0000000081600000, 0x0000000081500000| Untracked 
|  22|0x0000000081600000, 0x0000000081700000, 0x0000000081700000|100%| O|  |TAMS 0x0000000081700000, 0x0000000081600000| Untracked 
|  23|0x0000000081700000, 0x0000000081800000, 0x0000000081800000|100%| O|  |TAMS 0x0000000081800000, 0x0000000081700000| Untracked 
|  24|0x0000000081800000, 0x0000000081900000, 0x0000000081900000|100%| O|  |TAMS 0x0000000081900000, 0x0000000081800000| Untracked 
|  25|0x0000000081900000, 0x0000000081a00000, 0x0000000081a00000|100%| O|  |TAMS 0x0000000081a00000, 0x0000000081900000| Untracked 
|  26|0x0000000081a00000, 0x0000000081b00000, 0x0000000081b00000|100%| O|  |TAMS 0x0000000081b00000, 0x0000000081a00000| Untracked 
|  27|0x0000000081b00000, 0x0000000081c00000, 0x0000000081c00000|100%| O|  |TAMS 0x0000000081c00000, 0x0000000081b00000| Untracked 
|  28|0x0000000081c00000, 0x0000000081d00000, 0x0000000081d00000|100%| O|  |TAMS 0x0000000081d00000, 0x0000000081c00000| Untracked 
|  29|0x0000000081d00000, 0x0000000081e00000, 0x0000000081e00000|100%| O|  |TAMS 0x0000000081e00000, 0x0000000081d00000| Untracked 
|  30|0x0000000081e00000, 0x0000000081f00000, 0x0000000081f00000|100%| O|  |TAMS 0x0000000081f00000, 0x0000000081e00000| Untracked 
|  31|0x0000000081f00000, 0x0000000082000000, 0x0000000082000000|100%| O|  |TAMS 0x0000000082000000, 0x0000000081f00000| Untracked 
|  32|0x0000000082000000, 0x0000000082100000, 0x0000000082100000|100%| O|  |TAMS 0x0000000082100000, 0x0000000082000000| Untracked 
|  33|0x0000000082100000, 0x0000000082200000, 0x0000000082200000|100%| O|  |TAMS 0x0000000082200000, 0x0000000082100000| Untracked 
|  34|0x0000000082200000, 0x0000000082300000, 0x0000000082300000|100%| O|  |TAMS 0x0000000082300000, 0x0000000082200000| Untracked 
|  35|0x0000000082300000, 0x0000000082400000, 0x0000000082400000|100%| O|  |TAMS 0x0000000082400000, 0x0000000082300000| Untracked 
|  36|0x0000000082400000, 0x0000000082500000, 0x0000000082500000|100%| O|  |TAMS 0x0000000082500000, 0x0000000082400000| Untracked 
|  37|0x0000000082500000, 0x0000000082600000, 0x0000000082600000|100%| O|  |TAMS 0x0000000082600000, 0x0000000082500000| Untracked 
|  38|0x0000000082600000, 0x0000000082700000, 0x0000000082700000|100%| O|  |TAMS 0x0000000082700000, 0x0000000082600000| Untracked 
|  39|0x0000000082700000, 0x0000000082800000, 0x0000000082800000|100%| O|  |TAMS 0x0000000082800000, 0x0000000082700000| Untracked 
|  40|0x0000000082800000, 0x0000000082900000, 0x0000000082900000|100%|HS|  |TAMS 0x0000000082900000, 0x0000000082800000| Complete 
|  41|0x0000000082900000, 0x0000000082a00000, 0x0000000082a00000|100%| O|  |TAMS 0x0000000082a00000, 0x0000000082900000| Untracked 
|  42|0x0000000082a00000, 0x0000000082b00000, 0x0000000082b00000|100%|HS|  |TAMS 0x0000000082b00000, 0x0000000082a00000| Complete 
|  43|0x0000000082b00000, 0x0000000082c00000, 0x0000000082c00000|100%|HC|  |TAMS 0x0000000082c00000, 0x0000000082b00000| Complete 
|  44|0x0000000082c00000, 0x0000000082d00000, 0x0000000082d00000|100%|HS|  |TAMS 0x0000000082d00000, 0x0000000082c00000| Complete 
|  45|0x0000000082d00000, 0x0000000082e00000, 0x0000000082e00000|100%|HC|  |TAMS 0x0000000082e00000, 0x0000000082d00000| Complete 
|  46|0x0000000082e00000, 0x0000000082f00000, 0x0000000082f00000|100%| O|  |TAMS 0x0000000082f00000, 0x0000000082e00000| Untracked 
|  47|0x0000000082f00000, 0x0000000083000000, 0x0000000083000000|100%|HS|  |TAMS 0x0000000083000000, 0x0000000082f00000| Complete 
|  48|0x0000000083000000, 0x0000000083100000, 0x0000000083100000|100%|HC|  |TAMS 0x0000000083100000, 0x0000000083000000| Complete 
|  49|0x0000000083100000, 0x0000000083200000, 0x0000000083200000|100%|HC|  |TAMS 0x0000000083200000, 0x0000000083100000| Complete 
|  50|0x0000000083200000, 0x0000000083300000, 0x0000000083300000|100%|HC|  |TAMS 0x0000000083300000, 0x0000000083200000| Complete 
|  51|0x0000000083300000, 0x0000000083400000, 0x0000000083400000|100%|HS|  |TAMS 0x0000000083400000, 0x0000000083300000| Complete 
|  52|0x0000000083400000, 0x0000000083500000, 0x0000000083500000|100%|HC|  |TAMS 0x0000000083500000, 0x0000000083400000| Complete 
|  53|0x0000000083500000, 0x0000000083600000, 0x0000000083600000|100%|HC|  |TAMS 0x0000000083600000, 0x0000000083500000| Complete 
|  54|0x0000000083600000, 0x0000000083700000, 0x0000000083700000|100%|HC|  |TAMS 0x0000000083700000, 0x0000000083600000| Complete 
|  55|0x0000000083700000, 0x0000000083800000, 0x0000000083800000|100%| O|  |TAMS 0x0000000083800000, 0x0000000083700000| Untracked 
|  56|0x0000000083800000, 0x0000000083900000, 0x0000000083900000|100%| O|  |TAMS 0x0000000083900000, 0x0000000083800000| Untracked 
|  57|0x0000000083900000, 0x0000000083a00000, 0x0000000083a00000|100%| O|  |TAMS 0x0000000083a00000, 0x0000000083900000| Untracked 
|  58|0x0000000083a00000, 0x0000000083b00000, 0x0000000083b00000|100%| O|  |TAMS 0x0000000083b00000, 0x0000000083a00000| Untracked 
|  59|0x0000000083b00000, 0x0000000083c00000, 0x0000000083c00000|100%| O|  |TAMS 0x0000000083c00000, 0x0000000083b00000| Untracked 
|  60|0x0000000083c00000, 0x0000000083d00000, 0x0000000083d00000|100%| O|  |TAMS 0x0000000083c00000, 0x0000000083c00000| Untracked 
|  61|0x0000000083d00000, 0x0000000083e00000, 0x0000000083e00000|100%| O|  |TAMS 0x0000000083d00000, 0x0000000083d00000| Untracked 
|  62|0x0000000083e00000, 0x0000000083f00000, 0x0000000083f00000|100%| O|  |TAMS 0x0000000083f00000, 0x0000000083e00000| Untracked 
|  63|0x0000000083f00000, 0x0000000084000000, 0x0000000084000000|100%| O|  |TAMS 0x0000000084000000, 0x0000000083f00000| Untracked 
|  64|0x0000000084000000, 0x0000000084100000, 0x0000000084100000|100%| O|  |TAMS 0x0000000084100000, 0x0000000084000000| Untracked 
|  65|0x0000000084100000, 0x0000000084200000, 0x0000000084200000|100%| O|  |TAMS 0x0000000084200000, 0x0000000084100000| Untracked 
|  66|0x0000000084200000, 0x0000000084300000, 0x0000000084300000|100%| O|  |TAMS 0x0000000084300000, 0x0000000084200000| Untracked 
|  67|0x0000000084300000, 0x0000000084400000, 0x0000000084400000|100%| O|  |TAMS 0x0000000084400000, 0x0000000084300000| Untracked 
|  68|0x0000000084400000, 0x0000000084500000, 0x0000000084500000|100%| O|  |TAMS 0x0000000084500000, 0x0000000084400000| Untracked 
|  69|0x0000000084500000, 0x0000000084600000, 0x0000000084600000|100%| O|  |TAMS 0x0000000084600000, 0x0000000084500000| Untracked 
|  70|0x0000000084600000, 0x0000000084700000, 0x0000000084700000|100%| O|  |TAMS 0x0000000084700000, 0x0000000084600000| Untracked 
|  71|0x0000000084700000, 0x0000000084800000, 0x0000000084800000|100%| O|  |TAMS 0x0000000084800000, 0x0000000084700000| Untracked 
|  72|0x0000000084800000, 0x0000000084900000, 0x0000000084900000|100%| O|  |TAMS 0x0000000084900000, 0x0000000084800000| Untracked 
|  73|0x0000000084900000, 0x0000000084900000, 0x0000000084a00000|  0%| F|  |TAMS 0x0000000084900000, 0x0000000084900000| Untracked 
|  74|0x0000000084a00000, 0x0000000084b00000, 0x0000000084b00000|100%|HS|  |TAMS 0x0000000084b00000, 0x0000000084a00000| Complete 
|  75|0x0000000084b00000, 0x0000000084c00000, 0x0000000084c00000|100%|HS|  |TAMS 0x0000000084c00000, 0x0000000084b00000| Complete 
|  76|0x0000000084c00000, 0x0000000084d00000, 0x0000000084d00000|100%| O|  |TAMS 0x0000000084d00000, 0x0000000084c00000| Untracked 
|  77|0x0000000084d00000, 0x0000000084e00000, 0x0000000084e00000|100%|HS|  |TAMS 0x0000000084e00000, 0x0000000084d00000| Complete 
|  78|0x0000000084e00000, 0x0000000084f00000, 0x0000000084f00000|100%|HS|  |TAMS 0x0000000084f00000, 0x0000000084e00000| Complete 
|  79|0x0000000084f00000, 0x0000000085000000, 0x0000000085000000|100%| O|  |TAMS 0x0000000085000000, 0x0000000084f00000| Untracked 
|  80|0x0000000085000000, 0x0000000085100000, 0x0000000085100000|100%| O|  |TAMS 0x0000000085100000, 0x0000000085000000| Untracked 
|  81|0x0000000085100000, 0x0000000085200000, 0x0000000085200000|100%| O|  |TAMS 0x0000000085200000, 0x0000000085100000| Untracked 
|  82|0x0000000085200000, 0x0000000085300000, 0x0000000085300000|100%| O|  |TAMS 0x0000000085300000, 0x0000000085200000| Untracked 
|  83|0x0000000085300000, 0x0000000085400000, 0x0000000085400000|100%| O|  |TAMS 0x0000000085400000, 0x0000000085300000| Untracked 
|  84|0x0000000085400000, 0x0000000085500000, 0x0000000085500000|100%| O|  |TAMS 0x0000000085500000, 0x0000000085400000| Untracked 
|  85|0x0000000085500000, 0x0000000085600000, 0x0000000085600000|100%| O|  |TAMS 0x0000000085600000, 0x0000000085500000| Untracked 
|  86|0x0000000085600000, 0x0000000085700000, 0x0000000085700000|100%| O|  |TAMS 0x0000000085700000, 0x0000000085600000| Untracked 
|  87|0x0000000085700000, 0x0000000085800000, 0x0000000085800000|100%| O|  |TAMS 0x0000000085800000, 0x0000000085700000| Untracked 
|  88|0x0000000085800000, 0x0000000085900000, 0x0000000085900000|100%| O|  |TAMS 0x000000008580dc00, 0x0000000085800000| Untracked 
|  89|0x0000000085900000, 0x0000000085a00000, 0x0000000085a00000|100%| O|  |TAMS 0x0000000085900000, 0x0000000085900000| Untracked 
|  90|0x0000000085a00000, 0x0000000085b00000, 0x0000000085b00000|100%| O|  |TAMS 0x0000000085a00000, 0x0000000085a00000| Untracked 
|  91|0x0000000085b00000, 0x0000000085ba3a00, 0x0000000085c00000| 63%| O|  |TAMS 0x0000000085b00000, 0x0000000085b00000| Untracked 
|  92|0x0000000085c00000, 0x0000000085c00000, 0x0000000085d00000|  0%| F|  |TAMS 0x0000000085c00000, 0x0000000085c00000| Untracked 
|  93|0x0000000085d00000, 0x0000000085d00000, 0x0000000085e00000|  0%| F|  |TAMS 0x0000000085d00000, 0x0000000085d00000| Untracked 
|  94|0x0000000085e00000, 0x0000000085e00000, 0x0000000085f00000|  0%| F|  |TAMS 0x0000000085e00000, 0x0000000085e00000| Untracked 
|  95|0x0000000085f00000, 0x0000000085f00000, 0x0000000086000000|  0%| F|  |TAMS 0x0000000085f00000, 0x0000000085f00000| Untracked 
|  96|0x0000000086000000, 0x0000000086000000, 0x0000000086100000|  0%| F|  |TAMS 0x0000000086000000, 0x0000000086000000| Untracked 
|  97|0x0000000086100000, 0x0000000086100000, 0x0000000086200000|  0%| F|  |TAMS 0x0000000086100000, 0x0000000086100000| Untracked 
|  98|0x0000000086200000, 0x0000000086200000, 0x0000000086300000|  0%| F|  |TAMS 0x0000000086200000, 0x0000000086200000| Untracked 
|  99|0x0000000086300000, 0x0000000086300000, 0x0000000086400000|  0%| F|  |TAMS 0x0000000086300000, 0x0000000086300000| Untracked 
| 100|0x0000000086400000, 0x0000000086400000, 0x0000000086500000|  0%| F|  |TAMS 0x0000000086400000, 0x0000000086400000| Untracked 
| 101|0x0000000086500000, 0x0000000086500000, 0x0000000086600000|  0%| F|  |TAMS 0x0000000086500000, 0x0000000086500000| Untracked 
| 102|0x0000000086600000, 0x0000000086600000, 0x0000000086700000|  0%| F|  |TAMS 0x0000000086600000, 0x0000000086600000| Untracked 
| 103|0x0000000086700000, 0x0000000086700000, 0x0000000086800000|  0%| F|  |TAMS 0x0000000086700000, 0x0000000086700000| Untracked 
| 104|0x0000000086800000, 0x0000000086800000, 0x0000000086900000|  0%| F|  |TAMS 0x0000000086800000, 0x0000000086800000| Untracked 
| 105|0x0000000086900000, 0x0000000086900000, 0x0000000086a00000|  0%| F|  |TAMS 0x0000000086900000, 0x0000000086900000| Untracked 
| 106|0x0000000086a00000, 0x0000000086a00000, 0x0000000086b00000|  0%| F|  |TAMS 0x0000000086a00000, 0x0000000086a00000| Untracked 
| 107|0x0000000086b00000, 0x0000000086b00000, 0x0000000086c00000|  0%| F|  |TAMS 0x0000000086b00000, 0x0000000086b00000| Untracked 
| 108|0x0000000086c00000, 0x0000000086c00000, 0x0000000086d00000|  0%| F|  |TAMS 0x0000000086c00000, 0x0000000086c00000| Untracked 
| 109|0x0000000086d00000, 0x0000000086d00000, 0x0000000086e00000|  0%| F|  |TAMS 0x0000000086d00000, 0x0000000086d00000| Untracked 
| 110|0x0000000086e00000, 0x0000000086e00000, 0x0000000086f00000|  0%| F|  |TAMS 0x0000000086e00000, 0x0000000086e00000| Untracked 
| 111|0x0000000086f00000, 0x0000000086f00000, 0x0000000087000000|  0%| F|  |TAMS 0x0000000086f00000, 0x0000000086f00000| Untracked 
| 112|0x0000000087000000, 0x0000000087000000, 0x0000000087100000|  0%| F|  |TAMS 0x0000000087000000, 0x0000000087000000| Untracked 
| 113|0x0000000087100000, 0x0000000087100000, 0x0000000087200000|  0%| F|  |TAMS 0x0000000087100000, 0x0000000087100000| Untracked 
| 114|0x0000000087200000, 0x0000000087200000, 0x0000000087300000|  0%| F|  |TAMS 0x0000000087200000, 0x0000000087200000| Untracked 
| 115|0x0000000087300000, 0x0000000087300000, 0x0000000087400000|  0%| F|  |TAMS 0x0000000087300000, 0x0000000087300000| Untracked 
| 116|0x0000000087400000, 0x0000000087400000, 0x0000000087500000|  0%| F|  |TAMS 0x0000000087400000, 0x0000000087400000| Untracked 
| 117|0x0000000087500000, 0x00000000875dd9f8, 0x0000000087600000| 86%| S|CS|TAMS 0x0000000087500000, 0x0000000087500000| Complete 
| 118|0x0000000087600000, 0x0000000087700000, 0x0000000087700000|100%| S|CS|TAMS 0x0000000087600000, 0x0000000087600000| Complete 
| 119|0x0000000087700000, 0x0000000087700000, 0x0000000087800000|  0%| F|  |TAMS 0x0000000087700000, 0x0000000087700000| Untracked 
| 120|0x0000000087800000, 0x0000000087800000, 0x0000000087900000|  0%| F|  |TAMS 0x0000000087800000, 0x0000000087800000| Untracked 
| 121|0x0000000087900000, 0x0000000087900000, 0x0000000087a00000|  0%| F|  |TAMS 0x0000000087900000, 0x0000000087900000| Untracked 
| 122|0x0000000087a00000, 0x0000000087a00000, 0x0000000087b00000|  0%| F|  |TAMS 0x0000000087a00000, 0x0000000087a00000| Untracked 
| 123|0x0000000087b00000, 0x0000000087b00000, 0x0000000087c00000|  0%| F|  |TAMS 0x0000000087b00000, 0x0000000087b00000| Untracked 
| 124|0x0000000087c00000, 0x0000000087c00000, 0x0000000087d00000|  0%| F|  |TAMS 0x0000000087c00000, 0x0000000087c00000| Untracked 
| 125|0x0000000087d00000, 0x0000000087d00000, 0x0000000087e00000|  0%| F|  |TAMS 0x0000000087d00000, 0x0000000087d00000| Untracked 
| 126|0x0000000087e00000, 0x0000000087e00000, 0x0000000087f00000|  0%| F|  |TAMS 0x0000000087e00000, 0x0000000087e00000| Untracked 
| 127|0x0000000087f00000, 0x0000000087f00000, 0x0000000088000000|  0%| F|  |TAMS 0x0000000087f00000, 0x0000000087f00000| Untracked 
| 128|0x0000000088000000, 0x0000000088000000, 0x0000000088100000|  0%| F|  |TAMS 0x0000000088000000, 0x0000000088000000| Untracked 
| 129|0x0000000088100000, 0x0000000088100000, 0x0000000088200000|  0%| F|  |TAMS 0x0000000088100000, 0x0000000088100000| Untracked 
| 130|0x0000000088200000, 0x0000000088200000, 0x0000000088300000|  0%| F|  |TAMS 0x0000000088200000, 0x0000000088200000| Untracked 
| 131|0x0000000088300000, 0x0000000088300000, 0x0000000088400000|  0%| F|  |TAMS 0x0000000088300000, 0x0000000088300000| Untracked 
| 132|0x0000000088400000, 0x0000000088400000, 0x0000000088500000|  0%| F|  |TAMS 0x0000000088400000, 0x0000000088400000| Untracked 
| 133|0x0000000088500000, 0x0000000088500000, 0x0000000088600000|  0%| F|  |TAMS 0x0000000088500000, 0x0000000088500000| Untracked 
| 134|0x0000000088600000, 0x0000000088600000, 0x0000000088700000|  0%| F|  |TAMS 0x0000000088600000, 0x0000000088600000| Untracked 
| 135|0x0000000088700000, 0x0000000088700000, 0x0000000088800000|  0%| F|  |TAMS 0x0000000088700000, 0x0000000088700000| Untracked 
| 136|0x0000000088800000, 0x0000000088800000, 0x0000000088900000|  0%| F|  |TAMS 0x0000000088800000, 0x0000000088800000| Untracked 
| 137|0x0000000088900000, 0x0000000088900000, 0x0000000088a00000|  0%| F|  |TAMS 0x0000000088900000, 0x0000000088900000| Untracked 
| 138|0x0000000088a00000, 0x0000000088a00000, 0x0000000088b00000|  0%| F|  |TAMS 0x0000000088a00000, 0x0000000088a00000| Untracked 
| 139|0x0000000088b00000, 0x0000000088b00000, 0x0000000088c00000|  0%| F|  |TAMS 0x0000000088b00000, 0x0000000088b00000| Untracked 
| 140|0x0000000088c00000, 0x0000000088c00000, 0x0000000088d00000|  0%| F|  |TAMS 0x0000000088c00000, 0x0000000088c00000| Untracked 
| 141|0x0000000088d00000, 0x0000000088d00000, 0x0000000088e00000|  0%| F|  |TAMS 0x0000000088d00000, 0x0000000088d00000| Untracked 
| 142|0x0000000088e00000, 0x0000000088e00000, 0x0000000088f00000|  0%| F|  |TAMS 0x0000000088e00000, 0x0000000088e00000| Untracked 
| 143|0x0000000088f00000, 0x0000000088f00000, 0x0000000089000000|  0%| F|  |TAMS 0x0000000088f00000, 0x0000000088f00000| Untracked 
| 144|0x0000000089000000, 0x0000000089000000, 0x0000000089100000|  0%| F|  |TAMS 0x0000000089000000, 0x0000000089000000| Untracked 
| 145|0x0000000089100000, 0x0000000089100000, 0x0000000089200000|  0%| F|  |TAMS 0x0000000089100000, 0x0000000089100000| Untracked 
| 146|0x0000000089200000, 0x0000000089200000, 0x0000000089300000|  0%| F|  |TAMS 0x0000000089200000, 0x0000000089200000| Untracked 
| 147|0x0000000089300000, 0x0000000089300000, 0x0000000089400000|  0%| F|  |TAMS 0x0000000089300000, 0x0000000089300000| Untracked 
| 148|0x0000000089400000, 0x0000000089400000, 0x0000000089500000|  0%| F|  |TAMS 0x0000000089400000, 0x0000000089400000| Untracked 
| 149|0x0000000089500000, 0x0000000089500000, 0x0000000089600000|  0%| F|  |TAMS 0x0000000089500000, 0x0000000089500000| Untracked 
| 150|0x0000000089600000, 0x0000000089600000, 0x0000000089700000|  0%| F|  |TAMS 0x0000000089600000, 0x0000000089600000| Untracked 
| 151|0x0000000089700000, 0x0000000089700000, 0x0000000089800000|  0%| F|  |TAMS 0x0000000089700000, 0x0000000089700000| Untracked 
| 152|0x0000000089800000, 0x0000000089800000, 0x0000000089900000|  0%| F|  |TAMS 0x0000000089800000, 0x0000000089800000| Untracked 
| 153|0x0000000089900000, 0x0000000089900000, 0x0000000089a00000|  0%| F|  |TAMS 0x0000000089900000, 0x0000000089900000| Untracked 
| 154|0x0000000089a00000, 0x0000000089a00000, 0x0000000089b00000|  0%| F|  |TAMS 0x0000000089a00000, 0x0000000089a00000| Untracked 
| 155|0x0000000089b00000, 0x0000000089b00000, 0x0000000089c00000|  0%| F|  |TAMS 0x0000000089b00000, 0x0000000089b00000| Untracked 
| 156|0x0000000089c00000, 0x0000000089c00000, 0x0000000089d00000|  0%| F|  |TAMS 0x0000000089c00000, 0x0000000089c00000| Untracked 

Card table byte_map: [0x000001f9b3c00000,0x000001f9b4000000] _byte_map_base: 0x000001f9b3800000

Marking Bits (Prev, Next): (CMBitMap*) 0x000001f99cd1ce00, (CMBitMap*) 0x000001f99cd1ce40
 Prev Bits: [0x000001f9b4400000, 0x000001f9b6400000)
 Next Bits: [0x000001f9b6400000, 0x000001f9b8400000)

Polling page: 0x000001f99ace0000

Metaspace:

Usage:
  Non-class:     65.48 MB used.
      Class:     10.64 MB used.
       Both:     76.11 MB used.

Virtual space:
  Non-class space:       72.00 MB reserved,      65.88 MB ( 91%) committed,  9 nodes.
      Class space:      412.00 MB reserved,      11.00 MB (  3%) committed,  1 nodes.
             Both:      484.00 MB reserved,      76.88 MB ( 16%) committed. 

Chunk freelists:
   Non-Class:  2.02 MB
       Class:  870.00 KB
        Both:  2.87 MB

MaxMetaspaceSize: 512.00 MB
CompressedClassSpaceSize: 412.00 MB
Initial GC threshold: 21.00 MB
Current GC threshold: 120.88 MB
CDS: on
MetaspaceReclaimPolicy: balanced
 - commit_granule_bytes: 65536.
 - commit_granule_words: 8192.
 - virtual_space_node_default_size: 1048576.
 - enlarge_chunks_in_place: 1.
 - new_chunks_are_fully_committed: 0.
 - uncommit_free_chunks: 1.
 - use_allocation_guard: 0.
 - handle_deallocations: 1.


Internal statistics:

num_allocs_failed_limit: 6.
num_arena_births: 1008.
num_arena_deaths: 0.
num_vsnodes_births: 10.
num_vsnodes_deaths: 0.
num_space_committed: 1230.
num_space_uncommitted: 0.
num_chunks_returned_to_freelist: 6.
num_chunks_taken_from_freelist: 4315.
num_chunk_merges: 6.
num_chunk_splits: 2807.
num_chunks_enlarged: 1824.
num_purges: 0.
num_inconsistent_stats: 0.

CodeHeap 'non-profiled nmethods': size=120000Kb used=4919Kb max_used=4919Kb free=115080Kb
 bounds [0x000001f9abfa0000, 0x000001f9ac470000, 0x000001f9b34d0000]
CodeHeap 'profiled nmethods': size=120000Kb used=18093Kb max_used=18093Kb free=101906Kb
 bounds [0x000001f9a4a70000, 0x000001f9a5c20000, 0x000001f9abfa0000]
CodeHeap 'non-nmethods': size=5760Kb used=2379Kb max_used=2500Kb free=3381Kb
 bounds [0x000001f9a44d0000, 0x000001f9a4750000, 0x000001f9a4a70000]
 total_blobs=10082 nmethods=9174 adapters=819
 compilation: enabled
              stopped_count=0, restarted_count=0
 full_count=0

Compilation events (20 events):
Event: 29.796 Thread 0x000001f9bae4cdd0 10072       3       org.gradle.internal.instantiation.generator.AsmBackedClassGenerator$ClassBuilderImpl::access$3000 (4 bytes)
Event: 29.796 Thread 0x000001f9bae4cdd0 nmethod 10072 0x000001f9a5c14010 code [0x000001f9a5c141a0, 0x000001f9a5c14298]
Event: 29.796 Thread 0x000001f9bae4cdd0 10073       3       org.gradle.internal.instantiation.generator.AsmBackedClassGenerator$ClassBuilderImpl::access$3100 (4 bytes)
Event: 29.796 Thread 0x000001f9bae4cdd0 nmethod 10073 0x000001f9a5c14310 code [0x000001f9a5c144a0, 0x000001f9a5c14598]
Event: 29.796 Thread 0x000001f9bae4cdd0 10074       3       org.gradle.internal.instantiation.generator.AsmBackedClassGenerator$ClassBuilderImpl::access$3200 (4 bytes)
Event: 29.796 Thread 0x000001f9bae4cdd0 nmethod 10074 0x000001f9a5c14610 code [0x000001f9a5c147a0, 0x000001f9a5c14898]
Event: 29.798 Thread 0x000001f9bae4cdd0 10075       3       org.gradle.internal.instantiation.generator.AsmBackedClassGenerator$ClassBuilderImpl::addExtensionsProperty (19 bytes)
Event: 29.798 Thread 0x000001f9bae4cdd0 nmethod 10075 0x000001f9a5c14910 code [0x000001f9a5c14b20, 0x000001f9a5c15198]
Event: 29.798 Thread 0x000001f9bae4cdd0 10076       3       org.gradle.internal.instantiation.generator.AsmBackedClassGenerator$ClassBuilderImpl$$Lambda$134/0x0000000800db19a0::<init> (10 bytes)
Event: 29.798 Thread 0x000001f9bae4cdd0 nmethod 10076 0x000001f9a5c15410 code [0x000001f9a5c155a0, 0x000001f9a5c15758]
Event: 29.821 Thread 0x000001f9bae4cdd0 10078       3       org.apache.commons.lang.StringUtils::containsAny (128 bytes)
Event: 29.823 Thread 0x000001f9bae4cdd0 nmethod 10078 0x000001f9a5c15810 code [0x000001f9a5c15b20, 0x000001f9a5c16ee8]
Event: 29.823 Thread 0x000001f9bae4cdd0 10080       3       org.gradle.internal.instantiation.generator.AbstractClassGenerator$PropertyMetadata::getGenericType (34 bytes)
Event: 29.824 Thread 0x000001f9bae4cdd0 nmethod 10080 0x000001f9a5c17710 code [0x000001f9a5c17960, 0x000001f9a5c18528]
Event: 29.824 Thread 0x000001f9bae4cdd0 10081       3       org.gradle.internal.instantiation.generator.AsmBackedClassGenerator$$Lambda$605/0x00000008010e5168::isSatisfiedBy (8 bytes)
Event: 29.824 Thread 0x000001f9bae4cdd0 nmethod 10081 0x000001f9a5c18890 code [0x000001f9a5c18a40, 0x000001f9a5c18d08]
Event: 29.824 Thread 0x000001f9bae4cdd0 10082       3       org.gradle.internal.instantiation.generator.AsmBackedClassGenerator::lambda$createForSerialization$0 (10 bytes)
Event: 29.824 Thread 0x000001f9bae4cdd0 nmethod 10082 0x000001f9a5c18e10 code [0x000001f9a5c18fc0, 0x000001f9a5c19108]
Event: 29.831 Thread 0x000001f9bae4cdd0 10083   !   3       jdk.internal.reflect.GeneratedConstructorAccessor16::newInstance (53 bytes)
Event: 29.833 Thread 0x000001f9bae4cdd0 nmethod 10083 0x000001f9a5c19210 code [0x000001f9a5c19580, 0x000001f9a5c1ac28]

GC Heap History (20 events):
Event: 26.226 GC heap after
{Heap after GC invocations=32 (full 0):
 garbage-first heap   total 116736K, used 68977K [0x0000000080000000, 0x0000000100000000)
  region size 1024K, 1 young (1024K), 1 survivors (1024K)
 Metaspace       used 63687K, committed 64384K, reserved 479232K
  class space    used 9005K, committed 9344K, reserved 421888K
}
Event: 26.732 GC heap before
{Heap before GC invocations=32 (full 0):
 garbage-first heap   total 116736K, used 92529K [0x0000000080000000, 0x0000000100000000)
  region size 1024K, 25 young (25600K), 1 survivors (1024K)
 Metaspace       used 65373K, committed 66112K, reserved 479232K
  class space    used 9250K, committed 9600K, reserved 421888K
}
Event: 26.737 GC heap after
{Heap after GC invocations=33 (full 0):
 garbage-first heap   total 149504K, used 70324K [0x0000000080000000, 0x0000000100000000)
  region size 1024K, 2 young (2048K), 2 survivors (2048K)
 Metaspace       used 65373K, committed 66112K, reserved 479232K
  class space    used 9250K, committed 9600K, reserved 421888K
}
Event: 27.532 GC heap before
{Heap before GC invocations=34 (full 0):
 garbage-first heap   total 149504K, used 114356K [0x0000000080000000, 0x0000000100000000)
  region size 1024K, 46 young (47104K), 2 survivors (2048K)
 Metaspace       used 67777K, committed 68544K, reserved 487424K
  class space    used 9698K, committed 10048K, reserved 421888K
}
Event: 27.540 GC heap after
{Heap after GC invocations=35 (full 0):
 garbage-first heap   total 149504K, used 74962K [0x0000000080000000, 0x0000000100000000)
  region size 1024K, 6 young (6144K), 6 survivors (6144K)
 Metaspace       used 67777K, committed 68544K, reserved 487424K
  class space    used 9698K, committed 10048K, reserved 421888K
}
Event: 27.546 GC heap before
{Heap before GC invocations=35 (full 0):
 garbage-first heap   total 149504K, used 75986K [0x0000000080000000, 0x0000000100000000)
  region size 1024K, 7 young (7168K), 6 survivors (6144K)
 Metaspace       used 67780K, committed 68544K, reserved 487424K
  class space    used 9698K, committed 10048K, reserved 421888K
}
Event: 27.552 GC heap after
{Heap after GC invocations=36 (full 0):
 garbage-first heap   total 149504K, used 75169K [0x0000000080000000, 0x0000000100000000)
  region size 1024K, 1 young (1024K), 1 survivors (1024K)
 Metaspace       used 67780K, committed 68544K, reserved 487424K
  class space    used 9698K, committed 10048K, reserved 421888K
}
Event: 27.757 GC heap before
{Heap before GC invocations=36 (full 0):
 garbage-first heap   total 149504K, used 102817K [0x0000000080000000, 0x0000000100000000)
  region size 1024K, 30 young (30720K), 1 survivors (1024K)
 Metaspace       used 67955K, committed 68672K, reserved 487424K
  class space    used 9709K, committed 10048K, reserved 421888K
}
Event: 27.760 GC heap after
{Heap after GC invocations=37 (full 0):
 garbage-first heap   total 149504K, used 77160K [0x0000000080000000, 0x0000000100000000)
  region size 1024K, 3 young (3072K), 3 survivors (3072K)
 Metaspace       used 67955K, committed 68672K, reserved 487424K
  class space    used 9709K, committed 10048K, reserved 421888K
}
Event: 28.377 GC heap before
{Heap before GC invocations=38 (full 0):
 garbage-first heap   total 149504K, used 123240K [0x0000000080000000, 0x0000000100000000)
  region size 1024K, 43 young (44032K), 3 survivors (3072K)
 Metaspace       used 70050K, committed 70720K, reserved 487424K
  class space    used 9974K, committed 10304K, reserved 421888K
}
Event: 28.382 GC heap after
{Heap after GC invocations=39 (full 0):
 garbage-first heap   total 149504K, used 89104K [0x0000000080000000, 0x0000000100000000)
  region size 1024K, 6 young (6144K), 6 survivors (6144K)
 Metaspace       used 70050K, committed 70720K, reserved 487424K
  class space    used 9974K, committed 10304K, reserved 421888K
}
Event: 28.405 GC heap before
{Heap before GC invocations=39 (full 0):
 garbage-first heap   total 149504K, used 89104K [0x0000000080000000, 0x0000000100000000)
  region size 1024K, 7 young (7168K), 6 survivors (6144K)
 Metaspace       used 70092K, committed 70784K, reserved 487424K
  class space    used 9981K, committed 10304K, reserved 421888K
}
Event: 28.409 GC heap after
{Heap after GC invocations=40 (full 0):
 garbage-first heap   total 149504K, used 88071K [0x0000000080000000, 0x0000000100000000)
  region size 1024K, 1 young (1024K), 1 survivors (1024K)
 Metaspace       used 70092K, committed 70784K, reserved 487424K
  class space    used 9981K, committed 10304K, reserved 421888K
}
Event: 28.798 GC heap before
{Heap before GC invocations=40 (full 0):
 garbage-first heap   total 149504K, used 119815K [0x0000000080000000, 0x0000000100000000)
  region size 1024K, 33 young (33792K), 1 survivors (1024K)
 Metaspace       used 73090K, committed 73856K, reserved 487424K
  class space    used 10272K, committed 10624K, reserved 421888K
}
Event: 28.801 GC heap after
{Heap after GC invocations=41 (full 0):
 garbage-first heap   total 149504K, used 88699K [0x0000000080000000, 0x0000000100000000)
  region size 1024K, 2 young (2048K), 2 survivors (2048K)
 Metaspace       used 73090K, committed 73856K, reserved 487424K
  class space    used 10272K, committed 10624K, reserved 421888K
}
Event: 29.270 GC heap before
{Heap before GC invocations=42 (full 0):
 garbage-first heap   total 160768K, used 127611K [0x0000000080000000, 0x0000000100000000)
  region size 1024K, 34 young (34816K), 2 survivors (2048K)
 Metaspace       used 75160K, committed 75904K, reserved 487424K
  class space    used 10531K, committed 10880K, reserved 421888K
}
Event: 29.274 GC heap after
{Heap after GC invocations=43 (full 0):
 garbage-first heap   total 160768K, used 92542K [0x0000000080000000, 0x0000000100000000)
  region size 1024K, 5 young (5120K), 5 survivors (5120K)
 Metaspace       used 75160K, committed 75904K, reserved 487424K
  class space    used 10531K, committed 10880K, reserved 421888K
}
Event: 29.305 GC heap before
{Heap before GC invocations=43 (full 0):
 garbage-first heap   total 160768K, used 94590K [0x0000000080000000, 0x0000000100000000)
  region size 1024K, 7 young (7168K), 5 survivors (5120K)
 Metaspace       used 75285K, committed 76032K, reserved 487424K
  class space    used 10555K, committed 10944K, reserved 421888K
}
Event: 29.309 GC heap after
{Heap after GC invocations=44 (full 0):
 garbage-first heap   total 160768K, used 92403K [0x0000000080000000, 0x0000000100000000)
  region size 1024K, 1 young (1024K), 1 survivors (1024K)
 Metaspace       used 75285K, committed 76032K, reserved 487424K
  class space    used 10555K, committed 10944K, reserved 421888K
}
Event: 29.877 GC heap before
{Heap before GC invocations=44 (full 0):
 garbage-first heap   total 160768K, used 130291K [0x0000000080000000, 0x0000000100000000)
  region size 1024K, 38 young (38912K), 1 survivors (1024K)
 Metaspace       used 77939K, committed 78720K, reserved 495616K
  class space    used 10893K, committed 11264K, reserved 421888K
}

Deoptimization events (20 events):
Event: 29.549 Thread 0x000001f9bd2985c0 DEOPT PACKING pc=0x000001f9a4aa2f9e sp=0x000000e3cf0f3930
Event: 29.549 Thread 0x000001f9bd2985c0 DEOPT UNPACKING pc=0x000001f9a4522b43 sp=0x000000e3cf0f2ed0 mode 0
Event: 29.730 Thread 0x000001f9bd2985c0 Uncommon trap: trap_request=0xffffffc6 fr.pc=0x000001f9ac312300 relative=0x0000000000003080
Event: 29.730 Thread 0x000001f9bd2985c0 Uncommon trap: reason=bimorphic_or_optimized_type_check action=maybe_recompile pc=0x000001f9ac312300 method=java.util.AbstractCollection.addAll(Ljava/util/Collection;)Z @ 29 c2
Event: 29.730 Thread 0x000001f9bd2985c0 DEOPT PACKING pc=0x000001f9ac312300 sp=0x000000e3cf0f1af0
Event: 29.730 Thread 0x000001f9bd2985c0 DEOPT UNPACKING pc=0x000001f9a45223a3 sp=0x000000e3cf0f1af0 mode 2
Event: 29.730 Thread 0x000001f9bd2985c0 Uncommon trap: trap_request=0xffffffc6 fr.pc=0x000001f9ac312300 relative=0x0000000000003080
Event: 29.730 Thread 0x000001f9bd2985c0 Uncommon trap: reason=bimorphic_or_optimized_type_check action=maybe_recompile pc=0x000001f9ac312300 method=java.util.AbstractCollection.addAll(Ljava/util/Collection;)Z @ 29 c2
Event: 29.730 Thread 0x000001f9bd2985c0 DEOPT PACKING pc=0x000001f9ac312300 sp=0x000000e3cf0f1af0
Event: 29.730 Thread 0x000001f9bd2985c0 DEOPT UNPACKING pc=0x000001f9a45223a3 sp=0x000000e3cf0f1af0 mode 2
Event: 29.740 Thread 0x000001f9bd2985c0 Uncommon trap: trap_request=0xffffffc6 fr.pc=0x000001f9ac312300 relative=0x0000000000003080
Event: 29.740 Thread 0x000001f9bd2985c0 Uncommon trap: reason=bimorphic_or_optimized_type_check action=maybe_recompile pc=0x000001f9ac312300 method=java.util.AbstractCollection.addAll(Ljava/util/Collection;)Z @ 29 c2
Event: 29.740 Thread 0x000001f9bd2985c0 DEOPT PACKING pc=0x000001f9ac312300 sp=0x000000e3cf0f27e0
Event: 29.740 Thread 0x000001f9bd2985c0 DEOPT UNPACKING pc=0x000001f9a45223a3 sp=0x000000e3cf0f27e0 mode 2
Event: 29.789 Thread 0x000001f9bd2985c0 DEOPT PACKING pc=0x000001f9a4aa2fc4 sp=0x000000e3cf0f3c00
Event: 29.789 Thread 0x000001f9bd2985c0 DEOPT UNPACKING pc=0x000001f9a4522b43 sp=0x000000e3cf0f31a0 mode 0
Event: 29.825 Thread 0x000001f9bd2985c0 Uncommon trap: trap_request=0xffffff45 fr.pc=0x000001f9abfa9a94 relative=0x0000000000000114
Event: 29.825 Thread 0x000001f9bd2985c0 Uncommon trap: reason=unstable_if action=reinterpret pc=0x000001f9abfa9a94 method=org.objectweb.asm.ByteVector.putInt(I)Lorg/objectweb/asm/ByteVector; @ 13 c2
Event: 29.825 Thread 0x000001f9bd2985c0 DEOPT PACKING pc=0x000001f9abfa9a94 sp=0x000000e3cf0f34e0
Event: 29.825 Thread 0x000001f9bd2985c0 DEOPT UNPACKING pc=0x000001f9a45223a3 sp=0x000000e3cf0f3468 mode 2

Classes unloaded (0 events):
No events

Classes redefined (0 events):
No events

Internal exceptions (20 events):
Event: 26.767 Thread 0x000001f9bd2985c0 Exception <a 'java/lang/NoSuchMethodError'{0x00000000890264d8}: 'java.lang.Object java.lang.invoke.DirectMethodHandle$Holder.invokeSpecial(java.lang.Object, java.lang.Object, java.lang.Object, java.lang.Object, java.lang.Object, java.lang.Object, java.lang.Object, int)'> (0x00000000890264d8) 
thrown [t:\workspace\open\src\hotspot\share\interpreter\linkResolver.cpp, line 766]
Event: 26.768 Thread 0x000001f9bd2985c0 Exception <a 'java/lang/NoSuchMethodError'{0x000000008902c0a8}: 'java.lang.Object java.lang.invoke.Invokers$Holder.linkToTargetMethod(java.lang.Object, java.lang.Object, java.lang.Object, java.lang.Object, java.lang.Object, int, java.lang.Object)'> (0x000000008902c0a8) 
thrown [t:\workspace\open\src\hotspot\share\interpreter\linkResolver.cpp, line 766]
Event: 26.784 Thread 0x000001f9bb820f70 Implicit null exception at 0x000001f9ac2c0683 to 0x000001f9ac2c0868
Event: 27.097 Thread 0x000001f9bfcfe230 Exception <a 'java/lang/NoSuchMethodError'{0x00000000881293c8}: 'void java.lang.invoke.DirectMethodHandle$Holder.invokeVirtual(java.lang.Object, java.lang.Object)'> (0x00000000881293c8) 
thrown [t:\workspace\open\src\hotspot\share\interpreter\linkResolver.cpp, line 766]
Event: 27.125 Thread 0x000001f9bfcfe230 Exception <a 'java/lang/NoSuchMethodError'{0x000000008801c528}: 'void java.lang.invoke.DirectMethodHandle$Holder.invokeSpecial(java.lang.Object, java.lang.Object, java.lang.Object, java.lang.Object, int, java.lang.Object, java.lang.Object)'> (0x000000008801c528) 
thrown [t:\workspace\open\src\hotspot\share\interpreter\linkResolver.cpp, line 766]
Event: 27.138 Thread 0x000001f9bfcfe230 Exception <a 'java/lang/NoSuchMethodError'{0x00000000880f9018}: 'void java.lang.invoke.DirectMethodHandle$Holder.invokeInterface(java.lang.Object, java.lang.Object, java.lang.Object, java.lang.Object)'> (0x00000000880f9018) 
thrown [t:\workspace\open\src\hotspot\share\interpreter\linkResolver.cpp, line 766]
Event: 27.186 Thread 0x000001f9bfcfe230 Exception <a 'java/lang/NoSuchMethodError'{0x0000000087ec9828}: 'int java.lang.invoke.DirectMethodHandle$Holder.invokeSpecial(java.lang.Object, java.lang.Object, java.lang.Object, java.lang.Object, java.lang.Object)'> (0x0000000087ec9828) 
thrown [t:\workspace\open\src\hotspot\share\interpreter\linkResolver.cpp, line 766]
Event: 27.250 Thread 0x000001f9bfcfe230 Exception <a 'java/lang/IncompatibleClassChangeError'{0x0000000087be5408}: Found class java.lang.Object, but interface was expected> (0x0000000087be5408) 
thrown [t:\workspace\open\src\hotspot\share\interpreter\linkResolver.cpp, line 833]
Event: 27.420 Thread 0x000001f9bfcfe230 Exception <a 'java/lang/NoSuchMethodError'{0x0000000086ee9ad0}: 'int java.lang.invoke.DirectMethodHandle$Holder.invokeStaticInit(java.lang.Object, java.lang.Object, java.lang.Object, java.lang.Object, java.lang.Object)'> (0x0000000086ee9ad0) 
thrown [t:\workspace\open\src\hotspot\share\interpreter\linkResolver.cpp, line 766]
Event: 27.445 Thread 0x000001f9bdc27b00 Exception <a 'sun/nio/fs/WindowsException'{0x000000008850aba8}> (0x000000008850aba8) 
thrown [t:\workspace\open\src\hotspot\share\prims\jni.cpp, line 516]
Event: 27.446 Thread 0x000001f9bdc27b00 Exception <a 'sun/nio/fs/WindowsException'{0x000000008850d618}> (0x000000008850d618) 
thrown [t:\workspace\open\src\hotspot\share\prims\jni.cpp, line 516]
Event: 27.447 Thread 0x000001f9bdc27b00 Exception <a 'sun/nio/fs/WindowsException'{0x000000008850fea8}> (0x000000008850fea8) 
thrown [t:\workspace\open\src\hotspot\share\prims\jni.cpp, line 516]
Event: 27.447 Thread 0x000001f9bdc27b00 Exception <a 'sun/nio/fs/WindowsException'{0x00000000885122e0}> (0x00000000885122e0) 
thrown [t:\workspace\open\src\hotspot\share\prims\jni.cpp, line 516]
Event: 27.752 Thread 0x000001f9bd2985c0 Exception <a 'java/lang/ClassNotFoundException'{0x000000008747a7a0}: build_b8l5a8ubyb4vk5diwxc7h9m4qBeanInfo> (0x000000008747a7a0) 
thrown [t:\workspace\open\src\hotspot\share\classfile\systemDictionary.cpp, line 256]
Event: 27.753 Thread 0x000001f9bd2985c0 Exception <a 'java/lang/ClassNotFoundException'{0x00000000874810a0}: build_b8l5a8ubyb4vk5diwxc7h9m4qCustomizer> (0x00000000874810a0) 
thrown [t:\workspace\open\src\hotspot\share\classfile\systemDictionary.cpp, line 256]
Event: 27.886 Thread 0x000001f9bd2985c0 Exception <a 'java/lang/ClassNotFoundException'{0x000000008858a848}: build_f41eqt0hwkro1awpasz2be4j4BeanInfo> (0x000000008858a848) 
thrown [t:\workspace\open\src\hotspot\share\classfile\systemDictionary.cpp, line 256]
Event: 27.886 Thread 0x000001f9bd2985c0 Exception <a 'java/lang/ClassNotFoundException'{0x0000000088596160}: build_f41eqt0hwkro1awpasz2be4j4Customizer> (0x0000000088596160) 
thrown [t:\workspace\open\src\hotspot\share\classfile\systemDictionary.cpp, line 256]
Event: 28.384 Thread 0x000001f9bd2985c0 Implicit null exception at 0x000001f9ac3b3bb9 to 0x000001f9ac3b4120
Event: 29.020 Thread 0x000001f9bd2985c0 Implicit null exception at 0x000001f9ac155b0c to 0x000001f9ac155cd1
Event: 29.233 Thread 0x000001f9bd2985c0 Exception <a 'sun/nio/fs/WindowsException'{0x0000000087f87fb0}> (0x0000000087f87fb0) 
thrown [t:\workspace\open\src\hotspot\share\prims\jni.cpp, line 516]

VM Operations (20 events):
Event: 28.382 Executing VM operation: G1CollectForAllocation done
Event: 28.405 Executing VM operation: G1CollectForAllocation
Event: 28.409 Executing VM operation: G1CollectForAllocation done
Event: 28.798 Executing VM operation: G1CollectForAllocation
Event: 28.801 Executing VM operation: G1CollectForAllocation done
Event: 28.890 Executing VM operation: G1Concurrent
Event: 28.896 Executing VM operation: G1Concurrent done
Event: 28.946 Executing VM operation: G1Concurrent
Event: 28.946 Executing VM operation: G1Concurrent done
Event: 28.978 Executing VM operation: HandshakeAllThreads
Event: 28.978 Executing VM operation: HandshakeAllThreads done
Event: 29.032 Executing VM operation: HandshakeAllThreads
Event: 29.032 Executing VM operation: HandshakeAllThreads done
Event: 29.033 Executing VM operation: HandshakeAllThreads
Event: 29.033 Executing VM operation: HandshakeAllThreads done
Event: 29.270 Executing VM operation: G1CollectForAllocation
Event: 29.274 Executing VM operation: G1CollectForAllocation done
Event: 29.305 Executing VM operation: G1CollectForAllocation
Event: 29.310 Executing VM operation: G1CollectForAllocation done
Event: 29.877 Executing VM operation: G1CollectForAllocation

Events (20 events):
Event: 29.072 loading class java/util/Base64
Event: 29.072 loading class java/util/Base64 done
Event: 29.072 loading class java/util/Base64$Decoder
Event: 29.073 loading class java/util/Base64$Decoder done
Event: 29.073 loading class java/util/Base64$Encoder
Event: 29.073 loading class java/util/Base64$Encoder done
Event: 29.082 loading class sun/security/rsa/RSASignature$SHA256withRSA
Event: 29.082 loading class sun/security/rsa/RSASignature$SHA256withRSA done
Event: 29.083 loading class sun/security/provider/DSA$SHA256withDSA
Event: 29.083 loading class sun/security/provider/DSA$SHA256withDSA done
Event: 29.102 loading class java/util/jar/JarVerifier$VerifierStream
Event: 29.102 loading class java/util/jar/JarVerifier$VerifierStream done
Event: 29.102 loading class sun/security/util/ManifestEntryVerifier$SunProviderHolder
Event: 29.102 loading class sun/security/util/ManifestEntryVerifier$SunProviderHolder done
Event: 29.231 loading class java/security/KeyStore$ProtectionParameter
Event: 29.231 loading class java/security/KeyStore$ProtectionParameter done
Event: 29.682 loading class java/security/KeyStore
Event: 29.682 loading class java/security/KeyStore done
Event: 29.683 loading class java/security/KeyStore$1
Event: 29.683 loading class java/security/KeyStore$1 done


Dynamic libraries:
0x00007ff676120000 - 0x00007ff676130000 	C:\Program Files\Java\jdk-17\bin\java.exe
0x00007ffd61c10000 - 0x00007ffd61e27000 	C:\WINDOWS\SYSTEM32\ntdll.dll
0x00007ffd5fa40000 - 0x00007ffd5fb04000 	C:\WINDOWS\System32\KERNEL32.DLL
0x00007ffd5ef40000 - 0x00007ffd5f2ec000 	C:\WINDOWS\System32\KERNELBASE.dll
0x00007ffd5f6a0000 - 0x00007ffd5f7b1000 	C:\WINDOWS\System32\ucrtbase.dll
0x00007ffd2e180000 - 0x00007ffd2e19a000 	C:\Program Files\Java\jdk-17\bin\VCRUNTIME140.dll
0x00007ffd350c0000 - 0x00007ffd350d8000 	C:\Program Files\Java\jdk-17\bin\jli.dll
0x00007ffd604d0000 - 0x00007ffd60582000 	C:\WINDOWS\System32\ADVAPI32.dll
0x00007ffd60760000 - 0x00007ffd60807000 	C:\WINDOWS\System32\msvcrt.dll
0x00007ffd615c0000 - 0x00007ffd6166a000 	C:\WINDOWS\System32\sechost.dll
0x00007ffd5f920000 - 0x00007ffd5f948000 	C:\WINDOWS\System32\bcrypt.dll
0x00007ffd618b0000 - 0x00007ffd619c5000 	C:\WINDOWS\System32\RPCRT4.dll
0x00007ffd60a60000 - 0x00007ffd60c0e000 	C:\WINDOWS\System32\USER32.dll
0x00007ffd5f600000 - 0x00007ffd5f626000 	C:\WINDOWS\System32\win32u.dll
0x00007ffd40470000 - 0x00007ffd40703000 	C:\WINDOWS\WinSxS\amd64_microsoft.windows.common-controls_6595b64144ccf1df_6.0.22621.3672_none_2713b9d173822955\COMCTL32.dll
0x00007ffd61b40000 - 0x00007ffd61b69000 	C:\WINDOWS\System32\GDI32.dll
0x00007ffd5f2f0000 - 0x00007ffd5f409000 	C:\WINDOWS\System32\gdi32full.dll
0x00007ffd5f880000 - 0x00007ffd5f91a000 	C:\WINDOWS\System32\msvcp_win.dll
0x00007ffd54d00000 - 0x00007ffd54d0a000 	C:\WINDOWS\SYSTEM32\VERSION.dll
0x00007ffd60a20000 - 0x00007ffd60a51000 	C:\WINDOWS\System32\IMM32.DLL
0x00007ffd3dc80000 - 0x00007ffd3dc8c000 	C:\Program Files\Java\jdk-17\bin\vcruntime140_1.dll
0x00007ffd225b0000 - 0x00007ffd2263d000 	C:\Program Files\Java\jdk-17\bin\msvcp140.dll
0x00007ffcee430000 - 0x00007ffceefee000 	C:\Program Files\Java\jdk-17\bin\server\jvm.dll
0x00007ffd5fa30000 - 0x00007ffd5fa38000 	C:\WINDOWS\System32\PSAPI.DLL
0x00007ffd536b0000 - 0x00007ffd536b9000 	C:\WINDOWS\SYSTEM32\WSOCK32.dll
0x00007ffd61540000 - 0x00007ffd615b1000 	C:\WINDOWS\System32\WS2_32.dll
0x00007ffd5b930000 - 0x00007ffd5b964000 	C:\WINDOWS\SYSTEM32\WINMM.dll
0x00007ffd5e020000 - 0x00007ffd5e038000 	C:\WINDOWS\SYSTEM32\kernel.appcore.dll
0x00007ffd3ad70000 - 0x00007ffd3ad7a000 	C:\Program Files\Java\jdk-17\bin\jimage.dll
0x00007ffd5c7c0000 - 0x00007ffd5c9f2000 	C:\WINDOWS\SYSTEM32\DBGHELP.DLL
0x00007ffd5fb10000 - 0x00007ffd5fe98000 	C:\WINDOWS\System32\combase.dll
0x00007ffd5f950000 - 0x00007ffd5fa27000 	C:\WINDOWS\System32\OLEAUT32.dll
0x00007ffd5b8f0000 - 0x00007ffd5b922000 	C:\WINDOWS\SYSTEM32\dbgcore.DLL
0x00007ffd5f580000 - 0x00007ffd5f5fb000 	C:\WINDOWS\System32\bcryptPrimitives.dll
0x00007ffd35e50000 - 0x00007ffd35e5e000 	C:\Program Files\Java\jdk-17\bin\instrument.dll
0x00007ffd2dde0000 - 0x00007ffd2de05000 	C:\Program Files\Java\jdk-17\bin\java.dll
0x00007ffd11640000 - 0x00007ffd11716000 	C:\Program Files\Java\jdk-17\bin\svml.dll
0x00007ffd60c10000 - 0x00007ffd6146c000 	C:\WINDOWS\System32\SHELL32.dll
0x00007ffd5ce40000 - 0x00007ffd5d737000 	C:\WINDOWS\SYSTEM32\windows.storage.dll
0x00007ffd5cd00000 - 0x00007ffd5ce3f000 	C:\WINDOWS\SYSTEM32\wintypes.dll
0x00007ffd60590000 - 0x00007ffd60684000 	C:\WINDOWS\System32\SHCORE.dll
0x00007ffd614e0000 - 0x00007ffd6153e000 	C:\WINDOWS\System32\shlwapi.dll
0x00007ffd5ee70000 - 0x00007ffd5ee91000 	C:\WINDOWS\SYSTEM32\profapi.dll
0x00007ffd2cf70000 - 0x00007ffd2cf88000 	C:\Program Files\Java\jdk-17\bin\zip.dll
0x00007ffd2e160000 - 0x00007ffd2e179000 	C:\Program Files\Java\jdk-17\bin\net.dll
0x00007ffd56590000 - 0x00007ffd566c6000 	C:\WINDOWS\SYSTEM32\WINHTTP.dll
0x00007ffd5e490000 - 0x00007ffd5e4f9000 	C:\WINDOWS\system32\mswsock.dll
0x00007ffd2cf90000 - 0x00007ffd2cfa5000 	C:\Program Files\Java\jdk-17\bin\nio.dll
0x00007ffd39850000 - 0x00007ffd39860000 	C:\Program Files\Java\jdk-17\bin\verify.dll
0x00007ffd0e550000 - 0x00007ffd0e577000 	C:\Users\Abhishek Kumar\.gradle\native\c067742578af261105cb4f569cf0c3c89f3d7b1fecec35dd04571415982c5e48\windows-amd64\native-platform.dll
0x00007ffd0fcd0000 - 0x00007ffd0fe14000 	C:\Users\Abhishek Kumar\.gradle\native\38dada09dfb8b06ba9b0570ebf7e218e3eb74d4ef43ca46872605cf95ebc2f47\windows-amd64\native-platform-file-events.dll
0x00007ffd37490000 - 0x00007ffd37499000 	C:\Program Files\Java\jdk-17\bin\management.dll
0x00007ffd36c50000 - 0x00007ffd36c5b000 	C:\Program Files\Java\jdk-17\bin\management_ext.dll
0x00007ffd5e6d0000 - 0x00007ffd5e6eb000 	C:\WINDOWS\SYSTEM32\CRYPTSP.dll
0x00007ffd5df80000 - 0x00007ffd5dfb5000 	C:\WINDOWS\system32\rsaenh.dll
0x00007ffd5e550000 - 0x00007ffd5e578000 	C:\WINDOWS\SYSTEM32\USERENV.dll
0x00007ffd5e6f0000 - 0x00007ffd5e6fc000 	C:\WINDOWS\SYSTEM32\CRYPTBASE.dll
0x00007ffd5da20000 - 0x00007ffd5da4d000 	C:\WINDOWS\SYSTEM32\IPHLPAPI.DLL
0x00007ffd61470000 - 0x00007ffd61479000 	C:\WINDOWS\System32\NSI.dll
0x00007ffd564a0000 - 0x00007ffd564b9000 	C:\WINDOWS\SYSTEM32\dhcpcsvc6.DLL
0x00007ffd56480000 - 0x00007ffd5649f000 	C:\WINDOWS\SYSTEM32\dhcpcsvc.DLL
0x00007ffd5da50000 - 0x00007ffd5db48000 	C:\WINDOWS\SYSTEM32\DNSAPI.dll
0x00007ffd35890000 - 0x00007ffd3589e000 	C:\Program Files\Java\jdk-17\bin\sunmscapi.dll
0x00007ffd5f410000 - 0x00007ffd5f577000 	C:\WINDOWS\System32\CRYPT32.dll
0x00007ffd5e8d0000 - 0x00007ffd5e8fe000 	C:\WINDOWS\SYSTEM32\ncrypt.dll
0x00007ffd5e890000 - 0x00007ffd5e8c7000 	C:\WINDOWS\SYSTEM32\NTASN1.dll
0x00007ffcc7600000 - 0x00007ffcc7608000 	C:\WINDOWS\system32\wshunix.dll
0x00007ffd408f0000 - 0x00007ffd40907000 	C:\WINDOWS\system32\napinsp.dll
0x00007ffd408d0000 - 0x00007ffd408eb000 	C:\WINDOWS\system32\pnrpnsp.dll
0x00007ffd40450000 - 0x00007ffd40461000 	C:\WINDOWS\System32\winrnr.dll
0x00007ffd40430000 - 0x00007ffd40445000 	C:\WINDOWS\system32\wshbth.dll
0x00007ffd40400000 - 0x00007ffd40427000 	C:\WINDOWS\system32\nlansp_c.dll
0x00007ffd55240000 - 0x00007ffd5524a000 	C:\Windows\System32\rasadhlp.dll
0x00007ffd556a0000 - 0x00007ffd55723000 	C:\WINDOWS\System32\fwpuclnt.dll

dbghelp: loaded successfully - version: 4.0.5 - missing functions: none
symbol engine: initialized successfully - sym options: 0x614 - pdb path: .;C:\Program Files\Java\jdk-17\bin;C:\WINDOWS\SYSTEM32;C:\WINDOWS\WinSxS\amd64_microsoft.windows.common-controls_6595b64144ccf1df_6.0.22621.3672_none_2713b9d173822955;C:\Program Files\Java\jdk-17\bin\server;C:\Users\Abhishek Kumar\.gradle\native\c067742578af261105cb4f569cf0c3c89f3d7b1fecec35dd04571415982c5e48\windows-amd64;C:\Users\Abhishek Kumar\.gradle\native\38dada09dfb8b06ba9b0570ebf7e218e3eb74d4ef43ca46872605cf95ebc2f47\windows-amd64

VM Arguments:
jvm_args: -XX:MaxMetaspaceSize=512m --add-opens=java.base/java.util=ALL-UNNAMED --add-opens=java.base/java.lang=ALL-UNNAMED --add-opens=java.base/java.lang.invoke=ALL-UNNAMED --add-opens=java.prefs/java.util.prefs=ALL-UNNAMED --add-opens=java.base/java.nio.charset=ALL-UNNAMED --add-opens=java.base/java.net=ALL-UNNAMED --add-opens=java.base/java.util.concurrent.atomic=ALL-UNNAMED -Xmx2048m -Dfile.encoding=windows-1252 -Duser.country=IN -Duser.language=en -Duser.variant -javaagent:C:\Users\Abhishek Kumar\.gradle\wrapper\dists\gradle-8.6-all\3mbtmo166bl6vumsh5k2lkq5h\gradle-8.6\lib\agents\gradle-instrumentation-agent-8.6.jar 
java_command: org.gradle.launcher.daemon.bootstrap.GradleDaemon 8.6
java_class_path (initial): C:\Users\Abhishek Kumar\.gradle\wrapper\dists\gradle-8.6-all\3mbtmo166bl6vumsh5k2lkq5h\gradle-8.6\lib\gradle-launcher-8.6.jar
Launcher Type: SUN_STANDARD

[Global flags]
     intx CICompilerCount                          = 4                                         {product} {ergonomic}
   size_t CompressedClassSpaceSize                 = 432013312                                 {product} {ergonomic}
     uint ConcGCThreads                            = 2                                         {product} {ergonomic}
     uint G1ConcRefinementThreads                  = 8                                         {product} {ergonomic}
   size_t G1HeapRegionSize                         = 1048576                                   {product} {ergonomic}
    uintx GCDrainStackTargetSize                   = 64                                        {product} {ergonomic}
   size_t InitialHeapSize                          = 132120576                                 {product} {ergonomic}
   size_t MarkStackSize                            = 4194304                                   {product} {ergonomic}
   size_t MaxHeapSize                              = 2147483648                                {product} {command line}
   size_t MaxMetaspaceSize                         = 536870912                                 {product} {command line}
   size_t MaxNewSize                               = 1287651328                                {product} {ergonomic}
   size_t MinHeapDeltaBytes                        = 1048576                                   {product} {ergonomic}
   size_t MinHeapSize                              = 8388608                                   {product} {ergonomic}
    uintx NonNMethodCodeHeapSize                   = 5839372                                {pd product} {ergonomic}
    uintx NonProfiledCodeHeapSize                  = 122909434                              {pd product} {ergonomic}
    uintx ProfiledCodeHeapSize                     = 122909434                              {pd product} {ergonomic}
    uintx ReservedCodeCacheSize                    = 251658240                              {pd product} {ergonomic}
     bool SegmentedCodeCache                       = true                                      {product} {ergonomic}
   size_t SoftMaxHeapSize                          = 2147483648                             {manageable} {ergonomic}
     bool UseCompressedClassPointers               = true                           {product lp64_product} {ergonomic}
     bool UseCompressedOops                        = true                           {product lp64_product} {ergonomic}
     bool UseG1GC                                  = true                                      {product} {ergonomic}
     bool UseLargePagesIndividualAllocation        = false                                  {pd product} {ergonomic}

Logging:
Log output configuration:
 #0: stdout all=warning uptime,level,tags
 #1: stderr all=off uptime,level,tags

Environment Variables:
JAVA_HOME=C:\Program Files\Java\jdk-17
CLASSPATH=C:\Users\Abhishek Kumar\App Development\ChatApp\android\\gradle\wrapper\gradle-wrapper.jar
PATH=C:\Users\Abhishek Kumar\App Development\ChatApp\node_modules\.bin;C:\Users\Abhishek Kumar\App Development\ChatApp\node_modules\.bin;C:\Users\Abhishek Kumar\App Development\node_modules\.bin;C:\Users\Abhishek Kumar\node_modules\.bin;C:\Users\node_modules\.bin;C:\node_modules\.bin;C:\Users\Abhishek Kumar\AppData\Roaming\npm\node_modules\npm\node_modules\@npmcli\run-script\lib\node-gyp-bin;C:\Users\Abhishek Kumar\App Development\ChatApp\node_modules\.bin;C:\Users\Abhishek Kumar\App Development\node_modules\.bin;C:\Users\Abhishek Kumar\node_modules\.bin;C:\Users\node_modules\.bin;C:\node_modules\.bin;C:\Users\Abhishek Kumar\AppData\Roaming\npm\node_modules\npm\node_modules\@npmcli\run-script\lib\node-gyp-bin;C:\Python312\Scripts\;C:\Python312\;C:\oracle\product\10.2.0\db_1\bin;C:\Program Files\Common Files\Oracle\Java\javapath;C:\Windows\system32;C:\Windows;C:\Windows\System32\Wbem;C:\Windows\System32\WindowsPowerShell\v1.0\;C:\Windows\System32\OpenSSH\;C:\Program Files (x86)\NVIDIA Corporation\PhysX\Common;C:\Program Files\NVIDIA Corporation\NVIDIA NvDLISR;C:\Program Files\MySQL\MySQL Server 8.0\bin;C:\Program Files\dotnet\;C:\Program Files\Git\cmd;C:\Program Files\Microsoft SQL Server\150\Tools\Binn\;C:\WINDOWS\system32;C:\WINDOWS;C:\WINDOWS\System32\Wbem;C:\WINDOWS\System32\WindowsPowerShell\v1.0\;C:\WINDOWS\System32\OpenSSH\;C:\Users\Abhishek Kumar\AppData\Roaming\npm;C:\Users\Abhishek Kumar\Downloads\stripe_1.17.2_windows_x86_64\stripe.exe;C:\Users\Abhishek Kumar\Downloads\stripe_1.17.2_windows_x86_64;C:\Users\Abhishek Kumar\AppData\Roaming\npm;C:\Users\Abhishek Kumar\npm\;C:\Program Files\Git LFS;C:\Program Files\sqlite3;C:\Program Files\Java\jdk-17;C:\Users\Abhishek Kumar\AppData\Local\Android\Sdk;C:\Users\Abhishek Kumar\AppData\Local\Android\Sdk\platform-tools;C:\Users\Abhishek Kumar\AppData\Local\Android\Sdk\emulator;C:\Users\Abhishek Kumar\AppData\Local\Android\Sdk\tools;C:\Users\Abhishek Kumar\AppData\Local\Android\Sdk\tools\bin;C:\Program Files\Java\jdk-17
USERNAME=Abhishek Kumar
LANG=en_US.UTF-8
OS=Windows_NT
PROCESSOR_IDENTIFIER=Intel64 Family 6 Model 142 Stepping 12, GenuineIntel



---------------  S Y S T E M  ---------------

OS:
 Windows 10 , 64 bit Build 22621 (10.0.22621.3672)
OS uptime: 16 days 16:33 hours
Hyper-V role detected

CPU: total 8 (initial active 8) (4 cores per cpu, 2 threads per core) family 6 model 142 stepping 12 microcode 0xf8, cx8, cmov, fxsr, ht, mmx, 3dnowpref, sse, sse2, sse3, ssse3, sse4.1, sse4.2, popcnt, lzcnt, tsc, tscinvbit, avx, avx2, aes, erms, clmul, bmi1, bmi2, adx, fma, vzeroupper, clflush, clflushopt, hv

Memory: 4k page, system-wide physical 7975M (347M free)
TotalPageFile size 32551M (AvailPageFile size 187M)
current process WorkingSet (physical memory assigned to process): 399M, peak: 399M
current process commit charge ("private bytes"): 440M, peak: 666M

vm_info: Java HotSpot(TM) 64-Bit Server VM (17+35-LTS-2724) for windows-amd64 JRE (17+35-LTS-2724), built on Aug  5 2021 23:28:28 by "mach5one" with MS VC++ 16.8 (VS2019)

END.
